<?xml version="1.0" encoding="UTF-8"?>
<testsuite xmlns:xsi="http://www.w3.org/2001/XMLSchema-instance" xsi:noNamespaceSchemaLocation="https://maven.apache.org/surefire/maven-surefire-plugin/xsd/surefire-test-report.xsd" name="lapr.project.utils.PhysicsAlgorithmsTest" time="0" tests="16" errors="0" skipped="0" failures="0">
  <properties>
[...]
</properties>
  <testcase name="testCalculateAverageSpeedWithWindDirection" classname="lapr.project.utils.PhysicsAlgorithmsTest" time="0"/>
  <testcase name="testCalculateTimeNeededToChargeTotaly" classname="lapr.project.utils.PhysicsAlgorithmsTest" time="0"/>
  <testcase name="testCalculateEnergySpentBetweenPoints" classname="lapr.project.utils.PhysicsAlgorithmsTest" time="0"/>
  <testcase name="testCalculateWindeForce" classname="lapr.project.utils.PhysicsAlgorithmsTest" time="0"/>
  <testcase name="testCalculatePathInclination" classname="lapr.project.utils.PhysicsAlgorithmsTest" time="0"/>
  <testcase name="testCalculateDistanceWithElevation" classname="lapr.project.utils.PhysicsAlgorithmsTest" time="0"/>
  <testcase name="testCalculateDistanceAScooterCanDo" classname="lapr.project.utils.PhysicsAlgorithmsTest" time="0"/>
  <testcase name="testCalculateFrictionalForce" classname="lapr.project.utils.PhysicsAlgorithmsTest" time="0"/>
  <testcase name="testCalculateTotalForce" classname="lapr.project.utils.PhysicsAlgorithmsTest" time="0"/>
  <testcase name="testLinearDistanceTo" classname="lapr.project.utils.PhysicsAlgorithmsTest" time="0"/>
  <testcase name="testCalculateGravitationalForce" classname="lapr.project.utils.PhysicsAlgorithmsTest" time="0"/>
  <testcase name="testCalculateCalories" classname="lapr.project.utils.PhysicsAlgorithmsTest" time="0"/>
  <testcase name="testCalculateEnergyforGivenTrip" classname="lapr.project.utils.PhysicsAlgorithmsTest" time="0"/>
  <testcase name="testCalculateAverageSpeedWithWindDirection2" classname="lapr.project.utils.PhysicsAlgorithmsTest" time="0"/>
  <testcase name="testCalculateAverageSpeedWithWindDirection3" classname="lapr.project.utils.PhysicsAlgorithmsTest" time="0"/>
  <testcase name="testCalculateAverageSpeedWithWindDirection4" classname="lapr.project.utils.PhysicsAlgorithmsTest" time="0"/>
</testsuite>