<?xml version="1.0" encoding="UTF-8" standalone="yes"?><!DOCTYPE report PUBLIC "-//JACOCO//DTD Report 1.1//EN" "report.dtd"><report name="ride-sharing"><sessioninfo id="LAPTOP-AQ1SAGAH-cb080b6d" start="1578578207291" dump="1578578209712"/><package name="lapr/project/assessment"><class name="lapr/project/assessment/Facade" sourcefilename="Facade.java"><method name="&lt;init&gt;" desc="()V" line="20"><counter type="INSTRUCTION" missed="3" covered="0"/><counter type="LINE" missed="1" covered="0"/><counter type="COMPLEXITY" missed="1" covered="0"/><counter type="METHOD" missed="1" covered="0"/></method><method name="addBicycles" desc="(Ljava/lang/String;)I" line="25"><counter type="INSTRUCTION" missed="169" covered="0"/><counter type="BRANCH" missed="10" covered="0"/><counter type="LINE" missed="40" covered="0"/><counter type="COMPLEXITY" missed="6" covered="0"/><counter type="METHOD" missed="1" covered="0"/></method><method name="addEscooters" desc="(Ljava/lang/String;)I" line="80"><counter type="INSTRUCTION" missed="194" covered="0"/><counter type="BRANCH" missed="12" covered="0"/><counter type="LINE" missed="46" covered="0"/><counter type="COMPLEXITY" missed="7" covered="0"/><counter type="METHOD" missed="1" covered="0"/></method><method name="addParks" desc="(Ljava/lang/String;)I" line="146"><counter type="INSTRUCTION" missed="168" covered="0"/><counter type="BRANCH" missed="12" covered="0"/><counter type="LINE" missed="41" covered="0"/><counter type="COMPLEXITY" missed="7" covered="0"/><counter type="METHOD" missed="1" covered="0"/></method><method name="addPOIs" desc="(Ljava/lang/String;)I" line="210"><counter type="INSTRUCTION" missed="132" covered="0"/><counter type="BRANCH" missed="12" covered="0"/><counter type="LINE" missed="35" covered="0"/><counter type="COMPLEXITY" missed="7" covered="0"/><counter type="METHOD" missed="1" covered="0"/></method><method name="addUsers" desc="(Ljava/lang/String;)I" line="261"><counter type="INSTRUCTION" missed="155" covered="0"/><counter type="BRANCH" missed="10" covered="0"/><counter type="LINE" missed="38" covered="0"/><counter type="COMPLEXITY" missed="6" covered="0"/><counter type="METHOD" missed="1" covered="0"/></method><method name="addPaths" desc="(Ljava/lang/String;)I" line="323"><counter type="INSTRUCTION" missed="181" covered="0"/><counter type="BRANCH" missed="16" covered="0"/><counter type="LINE" missed="44" covered="0"/><counter type="COMPLEXITY" missed="9" covered="0"/><counter type="METHOD" missed="1" covered="0"/></method><method name="getNumberOfBicyclesAtPark" desc="(DDLjava/lang/String;)I" line="386"><counter type="INSTRUCTION" missed="86" covered="0"/><counter type="BRANCH" missed="2" covered="0"/><counter type="LINE" missed="18" covered="0"/><counter type="COMPLEXITY" missed="2" covered="0"/><counter type="METHOD" missed="1" covered="0"/></method><method name="getNearestParks" desc="(DDLjava/lang/String;)V" line="425"><counter type="INSTRUCTION" missed="100" covered="0"/><counter type="BRANCH" missed="2" covered="0"/><counter type="LINE" missed="20" covered="0"/><counter type="COMPLEXITY" missed="2" covered="0"/><counter type="METHOD" missed="1" covered="0"/></method><method name="getNumberOfBicyclesAtPark" desc="(Ljava/lang/String;Ljava/lang/String;)I" line="457"><counter type="INSTRUCTION" missed="85" covered="0"/><counter type="BRANCH" missed="2" covered="0"/><counter type="LINE" missed="18" covered="0"/><counter type="COMPLEXITY" missed="2" covered="0"/><counter type="METHOD" missed="1" covered="0"/></method><method name="removePark" desc="(Ljava/lang/String;)I" line="493"><counter type="INSTRUCTION" missed="52" covered="0"/><counter type="BRANCH" missed="2" covered="0"/><counter type="LINE" missed="16" covered="0"/><counter type="COMPLEXITY" missed="2" covered="0"/><counter type="METHOD" missed="1" covered="0"/></method><method name="getNearestParks" desc="(DDLjava/lang/String;I)V" line="518"><counter type="INSTRUCTION" missed="101" covered="0"/><counter type="BRANCH" missed="2" covered="0"/><counter type="LINE" missed="20" covered="0"/><counter type="COMPLEXITY" missed="2" covered="0"/><counter type="METHOD" missed="1" covered="0"/></method><method name="getFreeBicycleSlotsAtPark" desc="(Ljava/lang/String;Ljava/lang/String;)I" line="550"><counter type="INSTRUCTION" missed="18" covered="0"/><counter type="LINE" missed="4" covered="0"/><counter type="COMPLEXITY" missed="1" covered="0"/><counter type="METHOD" missed="1" covered="0"/></method><method name="getFreeEscooterSlotsAtPark" desc="(Ljava/lang/String;Ljava/lang/String;)I" line="569"><counter type="INSTRUCTION" missed="18" covered="0"/><counter type="LINE" missed="4" covered="0"/><counter type="COMPLEXITY" missed="1" covered="0"/><counter type="METHOD" missed="1" covered="0"/></method><method name="getFreeSlotsAtParkForMyLoanedVehicle" desc="(Ljava/lang/String;Ljava/lang/String;)I" line="588"><counter type="INSTRUCTION" missed="35" covered="0"/><counter type="LINE" missed="8" covered="0"/><counter type="COMPLEXITY" missed="1" covered="0"/><counter type="METHOD" missed="1" covered="0"/></method><method name="linearDistanceTo" desc="(DDDD)I" line="604"><counter type="INSTRUCTION" missed="16" covered="0"/><counter type="LINE" missed="1" covered="0"/><counter type="COMPLEXITY" missed="1" covered="0"/><counter type="METHOD" missed="1" covered="0"/></method><method name="pathDistanceTo" desc="(DDDD)I" line="618"><counter type="INSTRUCTION" missed="38" covered="0"/><counter type="LINE" missed="6" covered="0"/><counter type="COMPLEXITY" missed="1" covered="0"/><counter type="METHOD" missed="1" covered="0"/></method><method name="unlockBicycle" desc="(Ljava/lang/String;Ljava/lang/String;)J" line="638"><counter type="INSTRUCTION" missed="84" covered="0"/><counter type="LINE" missed="20" covered="0"/><counter type="COMPLEXITY" missed="1" covered="0"/><counter type="METHOD" missed="1" covered="0"/></method><method name="unlockEscooter" desc="(Ljava/lang/String;Ljava/lang/String;)J" line="675"><counter type="INSTRUCTION" missed="84" covered="0"/><counter type="LINE" missed="20" covered="0"/><counter type="COMPLEXITY" missed="1" covered="0"/><counter type="METHOD" missed="1" covered="0"/></method><method name="lockBicycle" desc="(Ljava/lang/String;DDLjava/lang/String;)J" line="705"><counter type="INSTRUCTION" missed="61" covered="0"/><counter type="LINE" missed="15" covered="0"/><counter type="COMPLEXITY" missed="1" covered="0"/><counter type="METHOD" missed="1" covered="0"/></method><method name="lockBicycle" desc="(Ljava/lang/String;Ljava/lang/String;Ljava/lang/String;)J" line="728"><counter type="INSTRUCTION" missed="60" covered="0"/><counter type="LINE" missed="15" covered="0"/><counter type="COMPLEXITY" missed="1" covered="0"/><counter type="METHOD" missed="1" covered="0"/></method><method name="lockEscooter" desc="(Ljava/lang/String;DDLjava/lang/String;)J" line="751"><counter type="INSTRUCTION" missed="7" covered="0"/><counter type="LINE" missed="1" covered="0"/><counter type="COMPLEXITY" missed="1" covered="0"/><counter type="METHOD" missed="1" covered="0"/></method><method name="lockEscooter" desc="(Ljava/lang/String;Ljava/lang/String;Ljava/lang/String;)J" line="756"><counter type="INSTRUCTION" missed="6" covered="0"/><counter type="LINE" missed="1" covered="0"/><counter type="COMPLEXITY" missed="1" covered="0"/><counter type="METHOD" missed="1" covered="0"/></method><method name="registerUser" desc="(Ljava/lang/String;Ljava/lang/String;Ljava/lang/String;Ljava/lang/String;IILjava/math/BigDecimal;Ljava/lang/String;)I" line="774"><counter type="INSTRUCTION" missed="67" covered="0"/><counter type="LINE" missed="20" covered="0"/><counter type="COMPLEXITY" missed="1" covered="0"/><counter type="METHOD" missed="1" covered="0"/></method><method name="suggestEscootersToGoFromOneParkToAnother" desc="(Ljava/lang/String;Ljava/lang/String;DDLjava/lang/String;)I" line="814"><counter type="INSTRUCTION" missed="124" covered="0"/><counter type="BRANCH" missed="10" covered="0"/><counter type="LINE" missed="29" covered="0"/><counter type="COMPLEXITY" missed="6" covered="0"/><counter type="METHOD" missed="1" covered="0"/></method><method name="mostEnergyEfficientRouteBetweenTwoParks" desc="(Ljava/lang/String;Ljava/lang/String;Ljava/lang/String;Ljava/lang/String;Ljava/lang/String;Ljava/lang/String;)J" line="876"><counter type="INSTRUCTION" missed="414" covered="0"/><counter type="BRANCH" missed="30" covered="0"/><counter type="LINE" missed="71" covered="0"/><counter type="COMPLEXITY" missed="16" covered="0"/><counter type="METHOD" missed="1" covered="0"/></method><method name="getNumberOfEscootersAtPark" desc="(DDLjava/lang/String;)I" line="974"><counter type="INSTRUCTION" missed="99" covered="0"/><counter type="BRANCH" missed="4" covered="0"/><counter type="LINE" missed="21" covered="0"/><counter type="COMPLEXITY" missed="3" covered="0"/><counter type="METHOD" missed="1" covered="0"/></method><method name="getNumberOfEScootersAtPark" desc="(Ljava/lang/String;Ljava/lang/String;)I" line="1010"><counter type="INSTRUCTION" missed="98" covered="0"/><counter type="BRANCH" missed="4" covered="0"/><counter type="LINE" missed="21" covered="0"/><counter type="COMPLEXITY" missed="3" covered="0"/><counter type="METHOD" missed="1" covered="0"/></method><method name="unlockAnyEscooterAtPark" desc="(Ljava/lang/String;Ljava/lang/String;Ljava/lang/String;)J" line="1046"><counter type="INSTRUCTION" missed="153" covered="0"/><counter type="BRANCH" missed="4" covered="0"/><counter type="LINE" missed="34" covered="0"/><counter type="COMPLEXITY" missed="3" covered="0"/><counter type="METHOD" missed="1" covered="0"/></method><method name="unlockAnyEscooterAtParkForDestination" desc="(Ljava/lang/String;Ljava/lang/String;DDLjava/lang/String;)J" line="1102"><counter type="INSTRUCTION" missed="159" covered="0"/><counter type="BRANCH" missed="4" covered="0"/><counter type="LINE" missed="35" covered="0"/><counter type="COMPLEXITY" missed="3" covered="0"/><counter type="METHOD" missed="1" covered="0"/></method><method name="getUserCurrentDebt" desc="(Ljava/lang/String;Ljava/lang/String;)D" line="1167"><counter type="INSTRUCTION" missed="170" covered="0"/><counter type="BRANCH" missed="6" covered="0"/><counter type="LINE" missed="35" covered="0"/><counter type="COMPLEXITY" missed="4" covered="0"/><counter type="METHOD" missed="1" covered="0"/></method><method name="getUserCurrentPoints" desc="(Ljava/lang/String;Ljava/lang/String;)D" line="1225"><counter type="INSTRUCTION" missed="154" covered="0"/><counter type="BRANCH" missed="6" covered="0"/><counter type="LINE" missed="30" covered="0"/><counter type="COMPLEXITY" missed="4" covered="0"/><counter type="METHOD" missed="1" covered="0"/></method><method name="calculateElectricalEnergyToTravelFromOneLocationToAnother" desc="(DDDDLjava/lang/String;)D" line="1281"><counter type="INSTRUCTION" missed="102" covered="0"/><counter type="BRANCH" missed="8" covered="0"/><counter type="LINE" missed="18" covered="0"/><counter type="COMPLEXITY" missed="5" covered="0"/><counter type="METHOD" missed="1" covered="0"/></method><method name="forHowLongAVehicleIsUnlocked" desc="(Ljava/lang/String;)J" line="1316"><counter type="INSTRUCTION" missed="58" covered="0"/><counter type="BRANCH" missed="6" covered="0"/><counter type="LINE" missed="13" covered="0"/><counter type="COMPLEXITY" missed="4" covered="0"/><counter type="METHOD" missed="1" covered="0"/></method><method name="shortestRouteBetweenTwoParks" desc="(DDDDILjava/lang/String;)J" line="1337"><counter type="INSTRUCTION" missed="520" covered="0"/><counter type="BRANCH" missed="26" covered="0"/><counter type="LINE" missed="70" covered="0"/><counter type="COMPLEXITY" missed="14" covered="0"/><counter type="METHOD" missed="1" covered="0"/></method><method name="shortestRouteBetweenTwoParks" desc="(Ljava/lang/String;Ljava/lang/String;ILjava/lang/String;)J" line="1435"><counter type="INSTRUCTION" missed="39" covered="0"/><counter type="LINE" missed="6" covered="0"/><counter type="COMPLEXITY" missed="1" covered="0"/><counter type="METHOD" missed="1" covered="0"/></method><method name="shortestRouteBetweenTwoParksForGivenPOIs" desc="(Ljava/lang/String;Ljava/lang/String;Ljava/lang/String;Ljava/lang/String;)J" line="1452"><counter type="INSTRUCTION" missed="595" covered="0"/><counter type="BRANCH" missed="32" covered="0"/><counter type="LINE" missed="91" covered="0"/><counter type="COMPLEXITY" missed="17" covered="0"/><counter type="METHOD" missed="1" covered="0"/></method><method name="shortestRouteBetweenTwoParksForGivenPOIs" desc="(DDDDLjava/lang/String;Ljava/lang/String;)J" line="1572"><counter type="INSTRUCTION" missed="32" covered="0"/><counter type="BRANCH" missed="4" covered="0"/><counter type="LINE" missed="6" covered="0"/><counter type="COMPLEXITY" missed="3" covered="0"/><counter type="METHOD" missed="1" covered="0"/></method><method name="getParkChargingReport" desc="(Ljava/lang/String;Ljava/lang/String;)J" line="1583"><counter type="INSTRUCTION" missed="162" covered="0"/><counter type="BRANCH" missed="10" covered="0"/><counter type="LINE" missed="32" covered="0"/><counter type="COMPLEXITY" missed="6" covered="0"/><counter type="METHOD" missed="1" covered="0"/></method><method name="suggestRoutesBetweenTwoLocations" desc="(Ljava/lang/String;Ljava/lang/String;Ljava/lang/String;Ljava/lang/String;Ljava/lang/String;IZLjava/lang/String;Ljava/lang/String;Ljava/lang/String;)I" line="1645"><counter type="INSTRUCTION" missed="485" covered="0"/><counter type="BRANCH" missed="38" covered="0"/><counter type="LINE" missed="83" covered="0"/><counter type="COMPLEXITY" missed="20" covered="0"/><counter type="METHOD" missed="1" covered="0"/></method><method name="getInvoiceForMonth" desc="(ILjava/lang/String;Ljava/lang/String;)D" line="1755"><counter type="INSTRUCTION" missed="271" covered="0"/><counter type="BRANCH" missed="6" covered="0"/><counter type="LINE" missed="53" covered="0"/><counter type="COMPLEXITY" missed="4" covered="0"/><counter type="METHOD" missed="1" covered="0"/></method><counter type="INSTRUCTION" missed="5555" covered="0"/><counter type="BRANCH" missed="280" covered="0"/><counter type="LINE" missed="1100" covered="0"/><counter type="COMPLEXITY" missed="181" covered="0"/><counter type="METHOD" missed="41" covered="0"/><counter type="CLASS" missed="1" covered="0"/></class><class name="lapr/project/assessment/Facade$1" sourcefilename="Facade.java"><method name="&lt;init&gt;" desc="(Llapr/project/assessment/Facade;)V" line="1595"><counter type="INSTRUCTION" missed="6" covered="0"/><counter type="LINE" missed="1" covered="0"/><counter type="COMPLEXITY" missed="1" covered="0"/><counter type="METHOD" missed="1" covered="0"/></method><method name="compare" desc="(Ljavafx/util/Pair;Ljavafx/util/Pair;)I" line="1598"><counter type="INSTRUCTION" missed="30" covered="0"/><counter type="BRANCH" missed="4" covered="0"/><counter type="LINE" missed="5" covered="0"/><counter type="COMPLEXITY" missed="3" covered="0"/><counter type="METHOD" missed="1" covered="0"/></method><counter type="INSTRUCTION" missed="36" covered="0"/><counter type="BRANCH" missed="4" covered="0"/><counter type="LINE" missed="6" covered="0"/><counter type="COMPLEXITY" missed="4" covered="0"/><counter type="METHOD" missed="2" covered="0"/><counter type="CLASS" missed="1" covered="0"/></class><sourcefile name="Facade.java"><line nr="20" mi="3" ci="0" mb="0" cb="0"/><line nr="25" mi="2" ci="0" mb="0" cb="0"/><line nr="26" mi="2" ci="0" mb="0" cb="0"/><line nr="27" mi="2" ci="0" mb="0" cb="0"/><line nr="28" mi="7" ci="0" mb="0" cb="0"/><line nr="29" mi="7" ci="0" mb="0" cb="0"/><line nr="30" mi="2" ci="0" mb="0" cb="0"/><line nr="32" mi="4" ci="0" mb="0" cb="0"/><line nr="33" mi="8" ci="0" mb="0" cb="0"/><line nr="34" mi="5" ci="0" mb="2" cb="0"/><line nr="35" mi="8" ci="0" mb="4" cb="0"/><line nr="37" mi="4" ci="0" mb="0" cb="0"/><line nr="39" mi="5" ci="0" mb="0" cb="0"/><line nr="40" mi="6" ci="0" mb="0" cb="0"/><line nr="41" mi="6" ci="0" mb="0" cb="0"/><line nr="42" mi="6" ci="0" mb="0" cb="0"/><line nr="43" mi="6" ci="0" mb="0" cb="0"/><line nr="44" mi="6" ci="0" mb="0" cb="0"/><line nr="45" mi="6" ci="0" mb="0" cb="0"/><line nr="46" mi="6" ci="0" mb="0" cb="0"/><line nr="47" mi="3" ci="0" mb="0" cb="0"/><line nr="48" mi="15" ci="0" mb="0" cb="0"/><line nr="49" mi="3" ci="0" mb="2" cb="0"/><line nr="50" mi="1" ci="0" mb="0" cb="0"/><line nr="52" mi="1" ci="0" mb="0" cb="0"/><line nr="54" mi="3" ci="0" mb="0" cb="0"/><line nr="55" mi="1" ci="0" mb="0" cb="0"/><line nr="56" mi="2" ci="0" mb="0" cb="0"/><line nr="58" mi="3" ci="0" mb="0" cb="0"/><line nr="59" mi="1" ci="0" mb="0" cb="0"/><line nr="60" mi="7" ci="0" mb="0" cb="0"/><line nr="61" mi="1" ci="0" mb="0" cb="0"/><line nr="62" mi="7" ci="0" mb="0" cb="0"/><line nr="63" mi="1" ci="0" mb="0" cb="0"/><line nr="64" mi="7" ci="0" mb="0" cb="0"/><line nr="66" mi="2" ci="0" mb="2" cb="0"/><line nr="68" mi="2" ci="0" mb="0" cb="0"/><line nr="69" mi="1" ci="0" mb="0" cb="0"/><line nr="70" mi="7" ci="0" mb="0" cb="0"/><line nr="71" mi="1" ci="0" mb="0" cb="0"/><line nr="74" mi="2" ci="0" mb="0" cb="0"/><line nr="80" mi="2" ci="0" mb="0" cb="0"/><line nr="81" mi="2" ci="0" mb="0" cb="0"/><line nr="82" mi="2" ci="0" mb="0" cb="0"/><line nr="83" mi="7" ci="0" mb="0" cb="0"/><line nr="84" mi="7" ci="0" mb="0" cb="0"/><line nr="85" mi="2" ci="0" mb="0" cb="0"/><line nr="87" mi="4" ci="0" mb="0" cb="0"/><line nr="88" mi="8" ci="0" mb="0" cb="0"/><line nr="90" mi="5" ci="0" mb="2" cb="0"/><line nr="91" mi="8" ci="0" mb="4" cb="0"/><line nr="93" mi="4" ci="0" mb="0" cb="0"/><line nr="95" mi="5" ci="0" mb="0" cb="0"/><line nr="96" mi="5" ci="0" mb="0" cb="0"/><line nr="97" mi="5" ci="0" mb="0" cb="0"/><line nr="98" mi="6" ci="0" mb="0" cb="0"/><line nr="99" mi="6" ci="0" mb="0" cb="0"/><line nr="100" mi="6" ci="0" mb="0" cb="0"/><line nr="101" mi="6" ci="0" mb="0" cb="0"/><line nr="102" mi="6" ci="0" mb="0" cb="0"/><line nr="103" mi="6" ci="0" mb="0" cb="0"/><line nr="104" mi="6" ci="0" mb="0" cb="0"/><line nr="105" mi="6" ci="0" mb="0" cb="0"/><line nr="107" mi="2" ci="0" mb="0" cb="0"/><line nr="108" mi="4" ci="0" mb="2" cb="0"/><line nr="109" mi="3" ci="0" mb="0" cb="0"/><line nr="111" mi="2" ci="0" mb="0" cb="0"/><line nr="113" mi="19" ci="0" mb="0" cb="0"/><line nr="114" mi="3" ci="0" mb="2" cb="0"/><line nr="115" mi="1" ci="0" mb="0" cb="0"/><line nr="117" mi="1" ci="0" mb="0" cb="0"/><line nr="120" mi="3" ci="0" mb="0" cb="0"/><line nr="121" mi="1" ci="0" mb="0" cb="0"/><line nr="122" mi="2" ci="0" mb="0" cb="0"/><line nr="125" mi="3" ci="0" mb="0" cb="0"/><line nr="126" mi="1" ci="0" mb="0" cb="0"/><line nr="127" mi="7" ci="0" mb="0" cb="0"/><line nr="128" mi="1" ci="0" mb="0" cb="0"/><line nr="129" mi="4" ci="0" mb="0" cb="0"/><line nr="130" mi="1" ci="0" mb="0" cb="0"/><line nr="131" mi="7" ci="0" mb="0" cb="0"/><line nr="133" mi="2" ci="0" mb="2" cb="0"/><line nr="135" mi="2" ci="0" mb="0" cb="0"/><line nr="136" mi="1" ci="0" mb="0" cb="0"/><line nr="137" mi="7" ci="0" mb="0" cb="0"/><line nr="138" mi="1" ci="0" mb="0" cb="0"/><line nr="141" mi="2" ci="0" mb="0" cb="0"/><line nr="146" mi="7" ci="0" mb="0" cb="0"/><line nr="148" mi="2" ci="0" mb="0" cb="0"/><line nr="149" mi="2" ci="0" mb="0" cb="0"/><line nr="150" mi="2" ci="0" mb="0" cb="0"/><line nr="151" mi="2" ci="0" mb="0" cb="0"/><line nr="153" mi="4" ci="0" mb="0" cb="0"/><line nr="154" mi="8" ci="0" mb="0" cb="0"/><line nr="155" mi="5" ci="0" mb="2" cb="0"/><line nr="156" mi="8" ci="0" mb="4" cb="0"/><line nr="157" mi="4" ci="0" mb="0" cb="0"/><line nr="159" mi="5" ci="0" mb="0" cb="0"/><line nr="160" mi="6" ci="0" mb="0" cb="0"/><line nr="161" mi="6" ci="0" mb="0" cb="0"/><line nr="162" mi="2" ci="0" mb="0" cb="0"/><line nr="163" mi="6" ci="0" mb="2" cb="0"/><line nr="164" mi="6" ci="0" mb="0" cb="0"/><line nr="166" mi="4" ci="0" mb="0" cb="0"/><line nr="167" mi="6" ci="0" mb="0" cb="0"/><line nr="168" mi="6" ci="0" mb="0" cb="0"/><line nr="169" mi="6" ci="0" mb="0" cb="0"/><line nr="170" mi="6" ci="0" mb="0" cb="0"/><line nr="171" mi="15" ci="0" mb="0" cb="0"/><line nr="172" mi="3" ci="0" mb="2" cb="0"/><line nr="173" mi="1" ci="0" mb="0" cb="0"/><line nr="175" mi="1" ci="0" mb="0" cb="0"/><line nr="177" mi="3" ci="0" mb="0" cb="0"/><line nr="178" mi="1" ci="0" mb="0" cb="0"/><line nr="179" mi="2" ci="0" mb="0" cb="0"/><line nr="181" mi="3" ci="0" mb="0" cb="0"/><line nr="182" mi="1" ci="0" mb="0" cb="0"/><line nr="183" mi="7" ci="0" mb="0" cb="0"/><line nr="184" mi="1" ci="0" mb="0" cb="0"/><line nr="185" mi="4" ci="0" mb="0" cb="0"/><line nr="186" mi="1" ci="0" mb="0" cb="0"/><line nr="187" mi="7" ci="0" mb="0" cb="0"/><line nr="189" mi="2" ci="0" mb="2" cb="0"/><line nr="191" mi="2" ci="0" mb="0" cb="0"/><line nr="192" mi="1" ci="0" mb="0" cb="0"/><line nr="193" mi="7" ci="0" mb="0" cb="0"/><line nr="194" mi="1" ci="0" mb="0" cb="0"/><line nr="197" mi="2" ci="0" mb="0" cb="0"/><line nr="210" mi="7" ci="0" mb="0" cb="0"/><line nr="211" mi="2" ci="0" mb="0" cb="0"/><line nr="212" mi="2" ci="0" mb="0" cb="0"/><line nr="213" mi="2" ci="0" mb="0" cb="0"/><line nr="216" mi="4" ci="0" mb="0" cb="0"/><line nr="217" mi="8" ci="0" mb="0" cb="0"/><line nr="219" mi="5" ci="0" mb="2" cb="0"/><line nr="220" mi="8" ci="0" mb="4" cb="0"/><line nr="221" mi="4" ci="0" mb="0" cb="0"/><line nr="223" mi="6" ci="0" mb="0" cb="0"/><line nr="224" mi="6" ci="0" mb="0" cb="0"/><line nr="225" mi="2" ci="0" mb="0" cb="0"/><line nr="226" mi="6" ci="0" mb="2" cb="0"/><line nr="227" mi="6" ci="0" mb="0" cb="0"/><line nr="229" mi="4" ci="0" mb="0" cb="0"/><line nr="230" mi="7" ci="0" mb="0" cb="0"/><line nr="231" mi="3" ci="0" mb="2" cb="0"/><line nr="232" mi="1" ci="0" mb="0" cb="0"/><line nr="234" mi="1" ci="0" mb="0" cb="0"/><line nr="236" mi="3" ci="0" mb="0" cb="0"/><line nr="237" mi="1" ci="0" mb="0" cb="0"/><line nr="238" mi="2" ci="0" mb="0" cb="0"/><line nr="240" mi="3" ci="0" mb="0" cb="0"/><line nr="241" mi="1" ci="0" mb="0" cb="0"/><line nr="242" mi="7" ci="0" mb="0" cb="0"/><line nr="243" mi="1" ci="0" mb="0" cb="0"/><line nr="244" mi="7" ci="0" mb="0" cb="0"/><line nr="245" mi="1" ci="0" mb="0" cb="0"/><line nr="246" mi="7" ci="0" mb="0" cb="0"/><line nr="248" mi="2" ci="0" mb="2" cb="0"/><line nr="250" mi="2" ci="0" mb="0" cb="0"/><line nr="251" mi="1" ci="0" mb="0" cb="0"/><line nr="252" mi="7" ci="0" mb="0" cb="0"/><line nr="253" mi="1" ci="0" mb="0" cb="0"/><line nr="256" mi="2" ci="0" mb="0" cb="0"/><line nr="261" mi="7" ci="0" mb="0" cb="0"/><line nr="263" mi="2" ci="0" mb="0" cb="0"/><line nr="264" mi="2" ci="0" mb="0" cb="0"/><line nr="265" mi="2" ci="0" mb="0" cb="0"/><line nr="266" mi="2" ci="0" mb="0" cb="0"/><line nr="268" mi="4" ci="0" mb="0" cb="0"/><line nr="269" mi="8" ci="0" mb="0" cb="0"/><line nr="271" mi="5" ci="0" mb="2" cb="0"/><line nr="272" mi="8" ci="0" mb="4" cb="0"/><line nr="274" mi="4" ci="0" mb="0" cb="0"/><line nr="276" mi="5" ci="0" mb="0" cb="0"/><line nr="277" mi="5" ci="0" mb="0" cb="0"/><line nr="278" mi="6" ci="0" mb="0" cb="0"/><line nr="279" mi="7" ci="0" mb="0" cb="0"/><line nr="280" mi="7" ci="0" mb="0" cb="0"/><line nr="281" mi="5" ci="0" mb="0" cb="0"/><line nr="282" mi="5" ci="0" mb="0" cb="0"/><line nr="283" mi="5" ci="0" mb="0" cb="0"/><line nr="284" mi="13" ci="0" mb="0" cb="0"/><line nr="285" mi="3" ci="0" mb="2" cb="0"/><line nr="286" mi="1" ci="0" mb="0" cb="0"/><line nr="288" mi="1" ci="0" mb="0" cb="0"/><line nr="290" mi="3" ci="0" mb="0" cb="0"/><line nr="291" mi="1" ci="0" mb="0" cb="0"/><line nr="292" mi="2" ci="0" mb="0" cb="0"/><line nr="294" mi="3" ci="0" mb="0" cb="0"/><line nr="295" mi="1" ci="0" mb="0" cb="0"/><line nr="296" mi="7" ci="0" mb="0" cb="0"/><line nr="297" mi="1" ci="0" mb="0" cb="0"/><line nr="298" mi="7" ci="0" mb="0" cb="0"/><line nr="299" mi="1" ci="0" mb="0" cb="0"/><line nr="300" mi="7" ci="0" mb="0" cb="0"/><line nr="302" mi="2" ci="0" mb="2" cb="0"/><line nr="304" mi="2" ci="0" mb="0" cb="0"/><line nr="305" mi="1" ci="0" mb="0" cb="0"/><line nr="306" mi="7" ci="0" mb="0" cb="0"/><line nr="307" mi="1" ci="0" mb="0" cb="0"/><line nr="310" mi="2" ci="0" mb="0" cb="0"/><line nr="323" mi="7" ci="0" mb="0" cb="0"/><line nr="324" mi="2" ci="0" mb="0" cb="0"/><line nr="325" mi="2" ci="0" mb="0" cb="0"/><line nr="326" mi="2" ci="0" mb="0" cb="0"/><line nr="329" mi="4" ci="0" mb="0" cb="0"/><line nr="330" mi="8" ci="0" mb="0" cb="0"/><line nr="332" mi="5" ci="0" mb="2" cb="0"/><line nr="333" mi="8" ci="0" mb="4" cb="0"/><line nr="334" mi="4" ci="0" mb="0" cb="0"/><line nr="336" mi="6" ci="0" mb="0" cb="0"/><line nr="337" mi="6" ci="0" mb="0" cb="0"/><line nr="338" mi="6" ci="0" mb="0" cb="0"/><line nr="339" mi="6" ci="0" mb="0" cb="0"/><line nr="340" mi="2" ci="0" mb="0" cb="0"/><line nr="341" mi="6" ci="0" mb="2" cb="0"/><line nr="342" mi="6" ci="0" mb="0" cb="0"/><line nr="344" mi="2" ci="0" mb="0" cb="0"/><line nr="345" mi="6" ci="0" mb="2" cb="0"/><line nr="346" mi="6" ci="0" mb="0" cb="0"/><line nr="348" mi="2" ci="0" mb="0" cb="0"/><line nr="349" mi="6" ci="0" mb="2" cb="0"/><line nr="350" mi="6" ci="0" mb="0" cb="0"/><line nr="353" mi="6" ci="0" mb="0" cb="0"/><line nr="354" mi="6" ci="0" mb="0" cb="0"/><line nr="355" mi="8" ci="0" mb="0" cb="0"/><line nr="356" mi="3" ci="0" mb="2" cb="0"/><line nr="357" mi="1" ci="0" mb="0" cb="0"/><line nr="359" mi="1" ci="0" mb="0" cb="0"/><line nr="361" mi="3" ci="0" mb="0" cb="0"/><line nr="362" mi="1" ci="0" mb="0" cb="0"/><line nr="363" mi="2" ci="0" mb="0" cb="0"/><line nr="365" mi="3" ci="0" mb="0" cb="0"/><line nr="366" mi="1" ci="0" mb="0" cb="0"/><line nr="367" mi="7" ci="0" mb="0" cb="0"/><line nr="368" mi="1" ci="0" mb="0" cb="0"/><line nr="369" mi="7" ci="0" mb="0" cb="0"/><line nr="370" mi="1" ci="0" mb="0" cb="0"/><line nr="371" mi="7" ci="0" mb="0" cb="0"/><line nr="373" mi="2" ci="0" mb="2" cb="0"/><line nr="375" mi="2" ci="0" mb="0" cb="0"/><line nr="376" mi="1" ci="0" mb="0" cb="0"/><line nr="377" mi="7" ci="0" mb="0" cb="0"/><line nr="378" mi="1" ci="0" mb="0" cb="0"/><line nr="381" mi="2" ci="0" mb="0" cb="0"/><line nr="386" mi="7" ci="0" mb="0" cb="0"/><line nr="387" mi="7" ci="0" mb="0" cb="0"/><line nr="388" mi="6" ci="0" mb="0" cb="0"/><line nr="389" mi="4" ci="0" mb="0" cb="0"/><line nr="391" mi="2" ci="0" mb="0" cb="0"/><line nr="394" mi="8" ci="0" mb="0" cb="0"/><line nr="395" mi="3" ci="0" mb="0" cb="0"/><line nr="397" mi="10" ci="0" mb="2" cb="0"/><line nr="398" mi="2" ci="0" mb="0" cb="0"/><line nr="399" mi="14" ci="0" mb="0" cb="0"/><line nr="401" mi="1" ci="0" mb="0" cb="0"/><line nr="402" mi="1" ci="0" mb="0" cb="0"/><line nr="403" mi="7" ci="0" mb="0" cb="0"/><line nr="406" mi="2" ci="0" mb="0" cb="0"/><line nr="407" mi="1" ci="0" mb="0" cb="0"/><line nr="408" mi="7" ci="0" mb="0" cb="0"/><line nr="409" mi="1" ci="0" mb="0" cb="0"/><line nr="411" mi="3" ci="0" mb="0" cb="0"/><line nr="425" mi="2" ci="0" mb="0" cb="0"/><line nr="427" mi="7" ci="0" mb="0" cb="0"/><line nr="429" mi="4" ci="0" mb="0" cb="0"/><line nr="432" mi="8" ci="0" mb="0" cb="0"/><line nr="433" mi="3" ci="0" mb="0" cb="0"/><line nr="434" mi="6" ci="0" mb="0" cb="0"/><line nr="436" mi="10" ci="0" mb="2" cb="0"/><line nr="437" mi="2" ci="0" mb="0" cb="0"/><line nr="438" mi="22" ci="0" mb="0" cb="0"/><line nr="439" mi="7" ci="0" mb="0" cb="0"/><line nr="440" mi="1" ci="0" mb="0" cb="0"/><line nr="441" mi="1" ci="0" mb="0" cb="0"/><line nr="442" mi="7" ci="0" mb="0" cb="0"/><line nr="443" mi="1" ci="0" mb="0" cb="0"/><line nr="444" mi="7" ci="0" mb="0" cb="0"/><line nr="447" mi="2" ci="0" mb="0" cb="0"/><line nr="448" mi="1" ci="0" mb="0" cb="0"/><line nr="449" mi="7" ci="0" mb="0" cb="0"/><line nr="450" mi="1" ci="0" mb="0" cb="0"/><line nr="453" mi="1" ci="0" mb="0" cb="0"/><line nr="457" mi="7" ci="0" mb="0" cb="0"/><line nr="458" mi="7" ci="0" mb="0" cb="0"/><line nr="459" mi="5" ci="0" mb="0" cb="0"/><line nr="460" mi="4" ci="0" mb="0" cb="0"/><line nr="462" mi="2" ci="0" mb="0" cb="0"/><line nr="465" mi="8" ci="0" mb="0" cb="0"/><line nr="466" mi="3" ci="0" mb="0" cb="0"/><line nr="468" mi="10" ci="0" mb="2" cb="0"/><line nr="469" mi="2" ci="0" mb="0" cb="0"/><line nr="470" mi="14" ci="0" mb="0" cb="0"/><line nr="472" mi="1" ci="0" mb="0" cb="0"/><line nr="473" mi="1" ci="0" mb="0" cb="0"/><line nr="474" mi="7" ci="0" mb="0" cb="0"/><line nr="477" mi="2" ci="0" mb="0" cb="0"/><line nr="478" mi="1" ci="0" mb="0" cb="0"/><line nr="479" mi="7" ci="0" mb="0" cb="0"/><line nr="480" mi="1" ci="0" mb="0" cb="0"/><line nr="482" mi="3" ci="0" mb="0" cb="0"/><line nr="493" mi="7" ci="0" mb="0" cb="0"/><line nr="495" mi="2" ci="0" mb="0" cb="0"/><line nr="496" mi="5" ci="0" mb="0" cb="0"/><line nr="499" mi="4" ci="0" mb="0" cb="0"/><line nr="500" mi="4" ci="0" mb="0" cb="0"/><line nr="501" mi="3" ci="0" mb="0" cb="0"/><line nr="502" mi="3" ci="0" mb="2" cb="0"/><line nr="503" mi="1" ci="0" mb="0" cb="0"/><line nr="505" mi="1" ci="0" mb="0" cb="0"/><line nr="507" mi="3" ci="0" mb="0" cb="0"/><line nr="508" mi="1" ci="0" mb="0" cb="0"/><line nr="509" mi="7" ci="0" mb="0" cb="0"/><line nr="510" mi="1" ci="0" mb="0" cb="0"/><line nr="511" mi="7" ci="0" mb="0" cb="0"/><line nr="512" mi="1" ci="0" mb="0" cb="0"/><line nr="513" mi="2" ci="0" mb="0" cb="0"/><line nr="518" mi="2" ci="0" mb="0" cb="0"/><line nr="520" mi="7" ci="0" mb="0" cb="0"/><line nr="522" mi="4" ci="0" mb="0" cb="0"/><line nr="525" mi="8" ci="0" mb="0" cb="0"/><line nr="526" mi="3" ci="0" mb="0" cb="0"/><line nr="527" mi="7" ci="0" mb="0" cb="0"/><line nr="529" mi="10" ci="0" mb="2" cb="0"/><line nr="530" mi="2" ci="0" mb="0" cb="0"/><line nr="531" mi="22" ci="0" mb="0" cb="0"/><line nr="532" mi="7" ci="0" mb="0" cb="0"/><line nr="533" mi="1" ci="0" mb="0" cb="0"/><line nr="534" mi="1" ci="0" mb="0" cb="0"/><line nr="535" mi="7" ci="0" mb="0" cb="0"/><line nr="536" mi="1" ci="0" mb="0" cb="0"/><line nr="537" mi="7" ci="0" mb="0" cb="0"/><line nr="540" mi="2" ci="0" mb="0" cb="0"/><line nr="541" mi="1" ci="0" mb="0" cb="0"/><line nr="542" mi="7" ci="0" mb="0" cb="0"/><line nr="543" mi="1" ci="0" mb="0" cb="0"/><line nr="546" mi="1" ci="0" mb="0" cb="0"/><line nr="550" mi="7" ci="0" mb="0" cb="0"/><line nr="553" mi="5" ci="0" mb="0" cb="0"/><line nr="554" mi="4" ci="0" mb="0" cb="0"/><line nr="556" mi="2" ci="0" mb="0" cb="0"/><line nr="569" mi="7" ci="0" mb="0" cb="0"/><line nr="572" mi="5" ci="0" mb="0" cb="0"/><line nr="573" mi="4" ci="0" mb="0" cb="0"/><line nr="575" mi="2" ci="0" mb="0" cb="0"/><line nr="588" mi="7" ci="0" mb="0" cb="0"/><line nr="589" mi="7" ci="0" mb="0" cb="0"/><line nr="591" mi="2" ci="0" mb="0" cb="0"/><line nr="594" mi="5" ci="0" mb="0" cb="0"/><line nr="595" mi="4" ci="0" mb="0" cb="0"/><line nr="596" mi="3" ci="0" mb="0" cb="0"/><line nr="597" mi="5" ci="0" mb="0" cb="0"/><line nr="599" mi="2" ci="0" mb="0" cb="0"/><line nr="604" mi="16" ci="0" mb="0" cb="0"/><line nr="618" mi="7" ci="0" mb="0" cb="0"/><line nr="619" mi="7" ci="0" mb="0" cb="0"/><line nr="621" mi="5" ci="0" mb="0" cb="0"/><line nr="622" mi="5" ci="0" mb="0" cb="0"/><line nr="624" mi="6" ci="0" mb="0" cb="0"/><line nr="626" mi="8" ci="0" mb="0" cb="0"/><line nr="638" mi="7" ci="0" mb="0" cb="0"/><line nr="639" mi="7" ci="0" mb="0" cb="0"/><line nr="640" mi="7" ci="0" mb="0" cb="0"/><line nr="641" mi="7" ci="0" mb="0" cb="0"/><line nr="643" mi="2" ci="0" mb="0" cb="0"/><line nr="644" mi="2" ci="0" mb="0" cb="0"/><line nr="646" mi="4" ci="0" mb="0" cb="0"/><line nr="647" mi="4" ci="0" mb="0" cb="0"/><line nr="648" mi="5" ci="0" mb="0" cb="0"/><line nr="651" mi="4" ci="0" mb="0" cb="0"/><line nr="652" mi="6" ci="0" mb="0" cb="0"/><line nr="653" mi="3" ci="0" mb="0" cb="0"/><line nr="654" mi="4" ci="0" mb="0" cb="0"/><line nr="655" mi="1" ci="0" mb="0" cb="0"/><line nr="657" mi="3" ci="0" mb="0" cb="0"/><line nr="658" mi="1" ci="0" mb="0" cb="0"/><line nr="659" mi="7" ci="0" mb="0" cb="0"/><line nr="660" mi="1" ci="0" mb="0" cb="0"/><line nr="661" mi="7" ci="0" mb="0" cb="0"/><line nr="663" mi="2" ci="0" mb="0" cb="0"/><line nr="675" mi="7" ci="0" mb="0" cb="0"/><line nr="676" mi="7" ci="0" mb="0" cb="0"/><line nr="677" mi="7" ci="0" mb="0" cb="0"/><line nr="678" mi="7" ci="0" mb="0" cb="0"/><line nr="680" mi="2" ci="0" mb="0" cb="0"/><line nr="681" mi="2" ci="0" mb="0" cb="0"/><line nr="683" mi="4" ci="0" mb="0" cb="0"/><line nr="684" mi="4" ci="0" mb="0" cb="0"/><line nr="685" mi="5" ci="0" mb="0" cb="0"/><line nr="688" mi="4" ci="0" mb="0" cb="0"/><line nr="689" mi="6" ci="0" mb="0" cb="0"/><line nr="690" mi="3" ci="0" mb="0" cb="0"/><line nr="691" mi="4" ci="0" mb="0" cb="0"/><line nr="692" mi="1" ci="0" mb="0" cb="0"/><line nr="694" mi="3" ci="0" mb="0" cb="0"/><line nr="695" mi="1" ci="0" mb="0" cb="0"/><line nr="696" mi="7" ci="0" mb="0" cb="0"/><line nr="697" mi="1" ci="0" mb="0" cb="0"/><line nr="698" mi="7" ci="0" mb="0" cb="0"/><line nr="700" mi="2" ci="0" mb="0" cb="0"/><line nr="705" mi="7" ci="0" mb="0" cb="0"/><line nr="706" mi="7" ci="0" mb="0" cb="0"/><line nr="707" mi="5" ci="0" mb="0" cb="0"/><line nr="708" mi="4" ci="0" mb="0" cb="0"/><line nr="711" mi="4" ci="0" mb="0" cb="0"/><line nr="712" mi="7" ci="0" mb="0" cb="0"/><line nr="713" mi="3" ci="0" mb="0" cb="0"/><line nr="714" mi="2" ci="0" mb="0" cb="0"/><line nr="715" mi="1" ci="0" mb="0" cb="0"/><line nr="717" mi="3" ci="0" mb="0" cb="0"/><line nr="718" mi="1" ci="0" mb="0" cb="0"/><line nr="719" mi="7" ci="0" mb="0" cb="0"/><line nr="720" mi="1" ci="0" mb="0" cb="0"/><line nr="721" mi="7" ci="0" mb="0" cb="0"/><line nr="723" mi="2" ci="0" mb="0" cb="0"/><line nr="728" mi="7" ci="0" mb="0" cb="0"/><line nr="729" mi="7" ci="0" mb="0" cb="0"/><line nr="730" mi="4" ci="0" mb="0" cb="0"/><line nr="731" mi="4" ci="0" mb="0" cb="0"/><line nr="734" mi="4" ci="0" mb="0" cb="0"/><line nr="735" mi="7" ci="0" mb="0" cb="0"/><line nr="736" mi="3" ci="0" mb="0" cb="0"/><line nr="737" mi="2" ci="0" mb="0" cb="0"/><line nr="738" mi="1" ci="0" mb="0" cb="0"/><line nr="740" mi="3" ci="0" mb="0" cb="0"/><line nr="741" mi="1" ci="0" mb="0" cb="0"/><line nr="742" mi="7" ci="0" mb="0" cb="0"/><line nr="743" mi="1" ci="0" mb="0" cb="0"/><line nr="744" mi="7" ci="0" mb="0" cb="0"/><line nr="746" mi="2" ci="0" mb="0" cb="0"/><line nr="751" mi="7" ci="0" mb="0" cb="0"/><line nr="756" mi="6" ci="0" mb="0" cb="0"/><line nr="774" mi="7" ci="0" mb="0" cb="0"/><line nr="775" mi="2" ci="0" mb="0" cb="0"/><line nr="776" mi="2" ci="0" mb="0" cb="0"/><line nr="777" mi="2" ci="0" mb="0" cb="0"/><line nr="778" mi="2" ci="0" mb="0" cb="0"/><line nr="779" mi="2" ci="0" mb="0" cb="0"/><line nr="780" mi="2" ci="0" mb="0" cb="0"/><line nr="781" mi="3" ci="0" mb="0" cb="0"/><line nr="782" mi="2" ci="0" mb="0" cb="0"/><line nr="785" mi="4" ci="0" mb="0" cb="0"/><line nr="786" mi="12" ci="0" mb="0" cb="0"/><line nr="787" mi="3" ci="0" mb="0" cb="0"/><line nr="788" mi="2" ci="0" mb="0" cb="0"/><line nr="789" mi="1" ci="0" mb="0" cb="0"/><line nr="791" mi="3" ci="0" mb="0" cb="0"/><line nr="792" mi="1" ci="0" mb="0" cb="0"/><line nr="793" mi="7" ci="0" mb="0" cb="0"/><line nr="794" mi="1" ci="0" mb="0" cb="0"/><line nr="795" mi="7" ci="0" mb="0" cb="0"/><line nr="797" mi="2" ci="0" mb="0" cb="0"/><line nr="814" mi="7" ci="0" mb="0" cb="0"/><line nr="815" mi="7" ci="0" mb="0" cb="0"/><line nr="816" mi="7" ci="0" mb="0" cb="0"/><line nr="817" mi="2" ci="0" mb="0" cb="0"/><line nr="818" mi="4" ci="0" mb="0" cb="0"/><line nr="819" mi="5" ci="0" mb="0" cb="0"/><line nr="820" mi="4" ci="0" mb="4" cb="0"/><line nr="821" mi="2" ci="0" mb="0" cb="0"/><line nr="823" mi="4" ci="0" mb="0" cb="0"/><line nr="824" mi="2" ci="0" mb="2" cb="0"/><line nr="825" mi="2" ci="0" mb="0" cb="0"/><line nr="827" mi="6" ci="0" mb="0" cb="0"/><line nr="828" mi="3" ci="0" mb="2" cb="0"/><line nr="829" mi="2" ci="0" mb="0" cb="0"/><line nr="831" mi="2" ci="0" mb="0" cb="0"/><line nr="834" mi="8" ci="0" mb="0" cb="0"/><line nr="835" mi="3" ci="0" mb="0" cb="0"/><line nr="837" mi="10" ci="0" mb="2" cb="0"/><line nr="838" mi="2" ci="0" mb="0" cb="0"/><line nr="840" mi="19" ci="0" mb="0" cb="0"/><line nr="841" mi="1" ci="0" mb="0" cb="0"/><line nr="842" mi="1" ci="0" mb="0" cb="0"/><line nr="843" mi="1" ci="0" mb="0" cb="0"/><line nr="844" mi="7" ci="0" mb="0" cb="0"/><line nr="847" mi="2" ci="0" mb="0" cb="0"/><line nr="848" mi="1" ci="0" mb="0" cb="0"/><line nr="849" mi="7" ci="0" mb="0" cb="0"/><line nr="850" mi="1" ci="0" mb="0" cb="0"/><line nr="852" mi="2" ci="0" mb="0" cb="0"/><line nr="876" mi="7" ci="0" mb="0" cb="0"/><line nr="877" mi="7" ci="0" mb="0" cb="0"/><line nr="878" mi="7" ci="0" mb="0" cb="0"/><line nr="879" mi="7" ci="0" mb="0" cb="0"/><line nr="881" mi="2" ci="0" mb="0" cb="0"/><line nr="882" mi="4" ci="0" mb="0" cb="0"/><line nr="883" mi="2" ci="0" mb="0" cb="0"/><line nr="884" mi="2" ci="0" mb="0" cb="0"/><line nr="885" mi="2" ci="0" mb="0" cb="0"/><line nr="886" mi="4" ci="0" mb="0" cb="0"/><line nr="887" mi="4" ci="0" mb="0" cb="0"/><line nr="889" mi="2" ci="0" mb="0" cb="0"/><line nr="891" mi="4" ci="0" mb="4" cb="0"/><line nr="892" mi="2" ci="0" mb="0" cb="0"/><line nr="895" mi="10" ci="0" mb="0" cb="0"/><line nr="896" mi="10" ci="0" mb="0" cb="0"/><line nr="897" mi="4" ci="0" mb="0" cb="0"/><line nr="899" mi="2" ci="0" mb="2" cb="0"/><line nr="900" mi="2" ci="0" mb="0" cb="0"/><line nr="902" mi="3" ci="0" mb="0" cb="0"/><line nr="904" mi="4" ci="0" mb="2" cb="0"/><line nr="905" mi="5" ci="0" mb="0" cb="0"/><line nr="906" mi="10" ci="0" mb="2" cb="0"/><line nr="907" mi="6" ci="0" mb="2" cb="0"/><line nr="908" mi="2" ci="0" mb="0" cb="0"/><line nr="910" mi="1" ci="0" mb="0" cb="0"/><line nr="912" mi="7" ci="0" mb="0" cb="0"/><line nr="914" mi="5" ci="0" mb="2" cb="0"/><line nr="915" mi="5" ci="0" mb="0" cb="0"/><line nr="916" mi="10" ci="0" mb="2" cb="0"/><line nr="917" mi="8" ci="0" mb="4" cb="0"/><line nr="918" mi="2" ci="0" mb="0" cb="0"/><line nr="919" mi="8" ci="0" mb="0" cb="0"/><line nr="920" mi="8" ci="0" mb="4" cb="0"/><line nr="921" mi="2" ci="0" mb="0" cb="0"/><line nr="922" mi="8" ci="0" mb="0" cb="0"/><line nr="924" mi="2" ci="0" mb="0" cb="0"/><line nr="926" mi="1" ci="0" mb="0" cb="0"/><line nr="927" mi="1" ci="0" mb="0" cb="0"/><line nr="928" mi="2" ci="0" mb="0" cb="0"/><line nr="930" mi="2" ci="0" mb="0" cb="0"/><line nr="933" mi="8" ci="0" mb="0" cb="0"/><line nr="934" mi="10" ci="0" mb="2" cb="0"/><line nr="936" mi="12" ci="0" mb="2" cb="0"/><line nr="937" mi="13" ci="0" mb="0" cb="0"/><line nr="938" mi="18" ci="0" mb="0" cb="0"/><line nr="939" mi="18" ci="0" mb="0" cb="0"/><line nr="940" mi="9" ci="0" mb="0" cb="0"/><line nr="942" mi="23" ci="0" mb="0" cb="0"/><line nr="944" mi="2" ci="0" mb="0" cb="0"/><line nr="945" mi="18" ci="0" mb="0" cb="0"/><line nr="946" mi="2" ci="0" mb="0" cb="0"/><line nr="947" mi="10" ci="0" mb="0" cb="0"/><line nr="948" mi="2" ci="0" mb="0" cb="0"/><line nr="949" mi="11" ci="0" mb="0" cb="0"/><line nr="950" mi="2" ci="0" mb="0" cb="0"/><line nr="951" mi="10" ci="0" mb="0" cb="0"/><line nr="953" mi="12" ci="0" mb="2" cb="0"/><line nr="954" mi="2" ci="0" mb="0" cb="0"/><line nr="955" mi="16" ci="0" mb="0" cb="0"/><line nr="956" mi="5" ci="0" mb="0" cb="0"/><line nr="957" mi="1" ci="0" mb="0" cb="0"/><line nr="958" mi="1" ci="0" mb="0" cb="0"/><line nr="959" mi="1" ci="0" mb="0" cb="0"/><line nr="960" mi="1" ci="0" mb="0" cb="0"/><line nr="961" mi="7" ci="0" mb="0" cb="0"/><line nr="964" mi="2" ci="0" mb="0" cb="0"/><line nr="965" mi="1" ci="0" mb="0" cb="0"/><line nr="966" mi="7" ci="0" mb="0" cb="0"/><line nr="967" mi="1" ci="0" mb="0" cb="0"/><line nr="969" mi="3" ci="0" mb="0" cb="0"/><line nr="974" mi="7" ci="0" mb="0" cb="0"/><line nr="975" mi="7" ci="0" mb="0" cb="0"/><line nr="976" mi="6" ci="0" mb="0" cb="0"/><line nr="977" mi="4" ci="0" mb="0" cb="0"/><line nr="979" mi="2" ci="0" mb="0" cb="0"/><line nr="982" mi="8" ci="0" mb="0" cb="0"/><line nr="983" mi="3" ci="0" mb="0" cb="0"/><line nr="985" mi="10" ci="0" mb="2" cb="0"/><line nr="986" mi="2" ci="0" mb="0" cb="0"/><line nr="988" mi="4" ci="0" mb="2" cb="0"/><line nr="989" mi="3" ci="0" mb="0" cb="0"/><line nr="991" mi="2" ci="0" mb="0" cb="0"/><line nr="993" mi="18" ci="0" mb="0" cb="0"/><line nr="995" mi="1" ci="0" mb="0" cb="0"/><line nr="996" mi="1" ci="0" mb="0" cb="0"/><line nr="997" mi="7" ci="0" mb="0" cb="0"/><line nr="1000" mi="2" ci="0" mb="0" cb="0"/><line nr="1001" mi="1" ci="0" mb="0" cb="0"/><line nr="1002" mi="7" ci="0" mb="0" cb="0"/><line nr="1003" mi="1" ci="0" mb="0" cb="0"/><line nr="1005" mi="3" ci="0" mb="0" cb="0"/><line nr="1010" mi="7" ci="0" mb="0" cb="0"/><line nr="1011" mi="7" ci="0" mb="0" cb="0"/><line nr="1012" mi="5" ci="0" mb="0" cb="0"/><line nr="1013" mi="4" ci="0" mb="0" cb="0"/><line nr="1015" mi="2" ci="0" mb="0" cb="0"/><line nr="1018" mi="8" ci="0" mb="0" cb="0"/><line nr="1019" mi="3" ci="0" mb="0" cb="0"/><line nr="1021" mi="10" ci="0" mb="2" cb="0"/><line nr="1022" mi="2" ci="0" mb="0" cb="0"/><line nr="1024" mi="4" ci="0" mb="2" cb="0"/><line nr="1025" mi="3" ci="0" mb="0" cb="0"/><line nr="1027" mi="2" ci="0" mb="0" cb="0"/><line nr="1029" mi="18" ci="0" mb="0" cb="0"/><line nr="1031" mi="1" ci="0" mb="0" cb="0"/><line nr="1032" mi="1" ci="0" mb="0" cb="0"/><line nr="1033" mi="7" ci="0" mb="0" cb="0"/><line nr="1036" mi="2" ci="0" mb="0" cb="0"/><line nr="1037" mi="1" ci="0" mb="0" cb="0"/><line nr="1038" mi="7" ci="0" mb="0" cb="0"/><line nr="1039" mi="1" ci="0" mb="0" cb="0"/><line nr="1041" mi="3" ci="0" mb="0" cb="0"/><line nr="1046" mi="7" ci="0" mb="0" cb="0"/><line nr="1047" mi="7" ci="0" mb="0" cb="0"/><line nr="1048" mi="7" ci="0" mb="0" cb="0"/><line nr="1049" mi="4" ci="0" mb="0" cb="0"/><line nr="1050" mi="5" ci="0" mb="0" cb="0"/><line nr="1051" mi="2" ci="0" mb="0" cb="0"/><line nr="1052" mi="4" ci="0" mb="0" cb="0"/><line nr="1055" mi="4" ci="0" mb="0" cb="0"/><line nr="1056" mi="9" ci="0" mb="0" cb="0"/><line nr="1057" mi="3" ci="0" mb="0" cb="0"/><line nr="1059" mi="1" ci="0" mb="0" cb="0"/><line nr="1061" mi="3" ci="0" mb="0" cb="0"/><line nr="1062" mi="1" ci="0" mb="0" cb="0"/><line nr="1063" mi="7" ci="0" mb="0" cb="0"/><line nr="1064" mi="1" ci="0" mb="0" cb="0"/><line nr="1065" mi="7" ci="0" mb="0" cb="0"/><line nr="1066" mi="1" ci="0" mb="0" cb="0"/><line nr="1068" mi="2" ci="0" mb="0" cb="0"/><line nr="1071" mi="8" ci="0" mb="0" cb="0"/><line nr="1072" mi="3" ci="0" mb="0" cb="0"/><line nr="1075" mi="2" ci="0" mb="0" cb="0"/><line nr="1077" mi="7" ci="0" mb="2" cb="0"/><line nr="1078" mi="3" ci="0" mb="0" cb="0"/><line nr="1080" mi="2" ci="0" mb="0" cb="0"/><line nr="1082" mi="24" ci="0" mb="0" cb="0"/><line nr="1085" mi="2" ci="0" mb="2" cb="0"/><line nr="1086" mi="6" ci="0" mb="0" cb="0"/><line nr="1088" mi="1" ci="0" mb="0" cb="0"/><line nr="1089" mi="7" ci="0" mb="0" cb="0"/><line nr="1092" mi="2" ci="0" mb="0" cb="0"/><line nr="1093" mi="1" ci="0" mb="0" cb="0"/><line nr="1094" mi="7" ci="0" mb="0" cb="0"/><line nr="1095" mi="1" ci="0" mb="0" cb="0"/><line nr="1097" mi="2" ci="0" mb="0" cb="0"/><line nr="1102" mi="7" ci="0" mb="0" cb="0"/><line nr="1103" mi="7" ci="0" mb="0" cb="0"/><line nr="1104" mi="7" ci="0" mb="0" cb="0"/><line nr="1105" mi="4" ci="0" mb="0" cb="0"/><line nr="1106" mi="5" ci="0" mb="0" cb="0"/><line nr="1107" mi="4" ci="0" mb="0" cb="0"/><line nr="1108" mi="6" ci="0" mb="0" cb="0"/><line nr="1109" mi="2" ci="0" mb="0" cb="0"/><line nr="1111" mi="4" ci="0" mb="0" cb="0"/><line nr="1112" mi="9" ci="0" mb="0" cb="0"/><line nr="1113" mi="3" ci="0" mb="0" cb="0"/><line nr="1115" mi="1" ci="0" mb="0" cb="0"/><line nr="1117" mi="3" ci="0" mb="0" cb="0"/><line nr="1118" mi="1" ci="0" mb="0" cb="0"/><line nr="1119" mi="7" ci="0" mb="0" cb="0"/><line nr="1120" mi="1" ci="0" mb="0" cb="0"/><line nr="1121" mi="7" ci="0" mb="0" cb="0"/><line nr="1122" mi="1" ci="0" mb="0" cb="0"/><line nr="1124" mi="2" ci="0" mb="0" cb="0"/><line nr="1127" mi="8" ci="0" mb="0" cb="0"/><line nr="1128" mi="3" ci="0" mb="0" cb="0"/><line nr="1131" mi="2" ci="0" mb="0" cb="0"/><line nr="1133" mi="7" ci="0" mb="2" cb="0"/><line nr="1134" mi="3" ci="0" mb="0" cb="0"/><line nr="1136" mi="2" ci="0" mb="0" cb="0"/><line nr="1138" mi="24" ci="0" mb="0" cb="0"/><line nr="1141" mi="2" ci="0" mb="2" cb="0"/><line nr="1142" mi="6" ci="0" mb="0" cb="0"/><line nr="1144" mi="1" ci="0" mb="0" cb="0"/><line nr="1145" mi="7" ci="0" mb="0" cb="0"/><line nr="1148" mi="2" ci="0" mb="0" cb="0"/><line nr="1149" mi="1" ci="0" mb="0" cb="0"/><line nr="1150" mi="7" ci="0" mb="0" cb="0"/><line nr="1151" mi="1" ci="0" mb="0" cb="0"/><line nr="1153" mi="2" ci="0" mb="0" cb="0"/><line nr="1167" mi="7" ci="0" mb="0" cb="0"/><line nr="1168" mi="7" ci="0" mb="0" cb="0"/><line nr="1169" mi="7" ci="0" mb="0" cb="0"/><line nr="1171" mi="4" ci="0" mb="0" cb="0"/><line nr="1172" mi="2" ci="0" mb="0" cb="0"/><line nr="1173" mi="2" ci="0" mb="2" cb="0"/><line nr="1174" mi="4" ci="0" mb="0" cb="0"/><line nr="1176" mi="5" ci="0" mb="0" cb="0"/><line nr="1177" mi="3" ci="0" mb="2" cb="0"/><line nr="1178" mi="3" ci="0" mb="0" cb="0"/><line nr="1180" mi="2" ci="0" mb="0" cb="0"/><line nr="1183" mi="8" ci="0" mb="0" cb="0"/><line nr="1184" mi="3" ci="0" mb="0" cb="0"/><line nr="1186" mi="3" ci="0" mb="0" cb="0"/><line nr="1187" mi="10" ci="0" mb="2" cb="0"/><line nr="1188" mi="2" ci="0" mb="0" cb="0"/><line nr="1189" mi="8" ci="0" mb="0" cb="0"/><line nr="1190" mi="8" ci="0" mb="0" cb="0"/><line nr="1191" mi="11" ci="0" mb="0" cb="0"/><line nr="1192" mi="5" ci="0" mb="0" cb="0"/><line nr="1193" mi="5" ci="0" mb="0" cb="0"/><line nr="1194" mi="7" ci="0" mb="0" cb="0"/><line nr="1195" mi="7" ci="0" mb="0" cb="0"/><line nr="1196" mi="7" ci="0" mb="0" cb="0"/><line nr="1197" mi="7" ci="0" mb="0" cb="0"/><line nr="1198" mi="7" ci="0" mb="0" cb="0"/><line nr="1199" mi="3" ci="0" mb="0" cb="0"/><line nr="1201" mi="1" ci="0" mb="0" cb="0"/><line nr="1202" mi="1" ci="0" mb="0" cb="0"/><line nr="1203" mi="7" ci="0" mb="0" cb="0"/><line nr="1206" mi="2" ci="0" mb="0" cb="0"/><line nr="1207" mi="1" ci="0" mb="0" cb="0"/><line nr="1208" mi="7" ci="0" mb="0" cb="0"/><line nr="1209" mi="1" ci="0" mb="0" cb="0"/><line nr="1211" mi="3" ci="0" mb="0" cb="0"/><line nr="1225" mi="7" ci="0" mb="0" cb="0"/><line nr="1227" mi="4" ci="0" mb="0" cb="0"/><line nr="1228" mi="5" ci="0" mb="0" cb="0"/><line nr="1229" mi="5" ci="0" mb="4" cb="0"/><line nr="1230" mi="2" ci="0" mb="0" cb="0"/><line nr="1232" mi="2" ci="0" mb="0" cb="0"/><line nr="1234" mi="2" ci="0" mb="0" cb="0"/><line nr="1237" mi="8" ci="0" mb="0" cb="0"/><line nr="1238" mi="3" ci="0" mb="0" cb="0"/><line nr="1240" mi="10" ci="0" mb="2" cb="0"/><line nr="1241" mi="2" ci="0" mb="0" cb="0"/><line nr="1243" mi="12" ci="0" mb="0" cb="0"/><line nr="1244" mi="5" ci="0" mb="0" cb="0"/><line nr="1245" mi="5" ci="0" mb="0" cb="0"/><line nr="1246" mi="7" ci="0" mb="0" cb="0"/><line nr="1247" mi="7" ci="0" mb="0" cb="0"/><line nr="1248" mi="7" ci="0" mb="0" cb="0"/><line nr="1249" mi="7" ci="0" mb="0" cb="0"/><line nr="1250" mi="7" ci="0" mb="0" cb="0"/><line nr="1251" mi="7" ci="0" mb="0" cb="0"/><line nr="1252" mi="13" ci="0" mb="0" cb="0"/><line nr="1253" mi="3" ci="0" mb="0" cb="0"/><line nr="1254" mi="1" ci="0" mb="0" cb="0"/><line nr="1255" mi="1" ci="0" mb="0" cb="0"/><line nr="1256" mi="7" ci="0" mb="0" cb="0"/><line nr="1259" mi="2" ci="0" mb="0" cb="0"/><line nr="1260" mi="1" ci="0" mb="0" cb="0"/><line nr="1261" mi="7" ci="0" mb="0" cb="0"/><line nr="1262" mi="1" ci="0" mb="0" cb="0"/><line nr="1264" mi="4" ci="0" mb="0" cb="0"/><line nr="1281" mi="7" ci="0" mb="0" cb="0"/><line nr="1282" mi="7" ci="0" mb="0" cb="0"/><line nr="1283" mi="7" ci="0" mb="0" cb="0"/><line nr="1285" mi="4" ci="0" mb="0" cb="0"/><line nr="1286" mi="2" ci="0" mb="2" cb="0"/><line nr="1287" mi="2" ci="0" mb="0" cb="0"/><line nr="1289" mi="3" ci="0" mb="0" cb="0"/><line nr="1290" mi="5" ci="0" mb="0" cb="0"/><line nr="1291" mi="5" ci="0" mb="0" cb="0"/><line nr="1292" mi="4" ci="0" mb="4" cb="0"/><line nr="1293" mi="2" ci="0" mb="0" cb="0"/><line nr="1295" mi="10" ci="0" mb="0" cb="0"/><line nr="1296" mi="10" ci="0" mb="0" cb="0"/><line nr="1298" mi="13" ci="0" mb="0" cb="0"/><line nr="1300" mi="7" ci="0" mb="0" cb="0"/><line nr="1301" mi="3" ci="0" mb="2" cb="0"/><line nr="1302" mi="2" ci="0" mb="0" cb="0"/><line nr="1304" mi="9" ci="0" mb="0" cb="0"/><line nr="1316" mi="7" ci="0" mb="0" cb="0"/><line nr="1317" mi="7" ci="0" mb="0" cb="0"/><line nr="1319" mi="4" ci="0" mb="0" cb="0"/><line nr="1320" mi="2" ci="0" mb="0" cb="0"/><line nr="1322" mi="2" ci="0" mb="2" cb="0"/><line nr="1323" mi="3" ci="0" mb="0" cb="0"/><line nr="1325" mi="3" ci="0" mb="0" cb="0"/><line nr="1326" mi="3" ci="0" mb="0" cb="0"/><line nr="1327" mi="10" ci="0" mb="2" cb="0"/><line nr="1328" mi="5" ci="0" mb="2" cb="0"/><line nr="1329" mi="8" ci="0" mb="0" cb="0"/><line nr="1331" mi="1" ci="0" mb="0" cb="0"/><line nr="1332" mi="3" ci="0" mb="0" cb="0"/><line nr="1337" mi="7" ci="0" mb="0" cb="0"/><line nr="1338" mi="7" ci="0" mb="0" cb="0"/><line nr="1339" mi="5" ci="0" mb="0" cb="0"/><line nr="1340" mi="5" ci="0" mb="0" cb="0"/><line nr="1342" mi="4" ci="0" mb="4" cb="0"/><line nr="1343" mi="2" ci="0" mb="0" cb="0"/><line nr="1346" mi="10" ci="0" mb="0" cb="0"/><line nr="1347" mi="10" ci="0" mb="0" cb="0"/><line nr="1349" mi="6" ci="0" mb="0" cb="0"/><line nr="1350" mi="5" ci="0" mb="4" cb="0"/><line nr="1351" mi="2" ci="0" mb="0" cb="0"/><line nr="1354" mi="2" ci="0" mb="0" cb="0"/><line nr="1356" mi="2" ci="0" mb="0" cb="0"/><line nr="1359" mi="8" ci="0" mb="0" cb="0"/><line nr="1361" mi="10" ci="0" mb="2" cb="0"/><line nr="1362" mi="10" ci="0" mb="0" cb="0"/><line nr="1363" mi="10" ci="0" mb="0" cb="0"/><line nr="1364" mi="2" ci="0" mb="0" cb="0"/><line nr="1365" mi="10" ci="0" mb="2" cb="0"/><line nr="1366" mi="2" ci="0" mb="0" cb="0"/><line nr="1367" mi="12" ci="0" mb="2" cb="0"/><line nr="1368" mi="24" ci="0" mb="0" cb="0"/><line nr="1369" mi="11" ci="0" mb="0" cb="0"/><line nr="1370" mi="6" ci="0" mb="0" cb="0"/><line nr="1371" mi="12" ci="0" mb="0" cb="0"/><line nr="1372" mi="18" ci="0" mb="0" cb="0"/><line nr="1373" mi="18" ci="0" mb="0" cb="0"/><line nr="1374" mi="9" ci="0" mb="0" cb="0"/><line nr="1376" mi="4" ci="0" mb="2" cb="0"/><line nr="1377" mi="2" ci="0" mb="0" cb="0"/><line nr="1379" mi="1" ci="0" mb="0" cb="0"/><line nr="1381" mi="2" ci="0" mb="0" cb="0"/><line nr="1382" mi="10" ci="0" mb="2" cb="0"/><line nr="1383" mi="2" ci="0" mb="0" cb="0"/><line nr="1384" mi="12" ci="0" mb="2" cb="0"/><line nr="1385" mi="24" ci="0" mb="0" cb="0"/><line nr="1386" mi="13" ci="0" mb="0" cb="0"/><line nr="1387" mi="7" ci="0" mb="0" cb="0"/><line nr="1388" mi="12" ci="0" mb="0" cb="0"/><line nr="1389" mi="18" ci="0" mb="0" cb="0"/><line nr="1390" mi="18" ci="0" mb="0" cb="0"/><line nr="1391" mi="9" ci="0" mb="0" cb="0"/><line nr="1393" mi="4" ci="0" mb="2" cb="0"/><line nr="1394" mi="2" ci="0" mb="0" cb="0"/><line nr="1396" mi="1" ci="0" mb="0" cb="0"/><line nr="1398" mi="2" ci="0" mb="0" cb="0"/><line nr="1399" mi="4" ci="0" mb="2" cb="0"/><line nr="1400" mi="3" ci="0" mb="0" cb="0"/><line nr="1402" mi="2" ci="0" mb="0" cb="0"/><line nr="1405" mi="23" ci="0" mb="0" cb="0"/><line nr="1407" mi="18" ci="0" mb="0" cb="0"/><line nr="1408" mi="2" ci="0" mb="0" cb="0"/><line nr="1409" mi="11" ci="0" mb="0" cb="0"/><line nr="1410" mi="2" ci="0" mb="0" cb="0"/><line nr="1411" mi="10" ci="0" mb="0" cb="0"/><line nr="1412" mi="2" ci="0" mb="0" cb="0"/><line nr="1413" mi="10" ci="0" mb="0" cb="0"/><line nr="1414" mi="12" ci="0" mb="2" cb="0"/><line nr="1415" mi="2" ci="0" mb="0" cb="0"/><line nr="1416" mi="16" ci="0" mb="0" cb="0"/><line nr="1417" mi="1" ci="0" mb="0" cb="0"/><line nr="1418" mi="1" ci="0" mb="0" cb="0"/><line nr="1419" mi="1" ci="0" mb="0" cb="0"/><line nr="1420" mi="1" ci="0" mb="0" cb="0"/><line nr="1421" mi="7" ci="0" mb="0" cb="0"/><line nr="1424" mi="2" ci="0" mb="0" cb="0"/><line nr="1425" mi="1" ci="0" mb="0" cb="0"/><line nr="1426" mi="7" ci="0" mb="0" cb="0"/><line nr="1427" mi="1" ci="0" mb="0" cb="0"/><line nr="1430" mi="9" ci="0" mb="0" cb="0"/><line nr="1435" mi="7" ci="0" mb="0" cb="0"/><line nr="1436" mi="7" ci="0" mb="0" cb="0"/><line nr="1437" mi="4" ci="0" mb="0" cb="0"/><line nr="1438" mi="4" ci="0" mb="0" cb="0"/><line nr="1440" mi="10" ci="0" mb="0" cb="0"/><line nr="1441" mi="7" ci="0" mb="0" cb="0"/><line nr="1452" mi="2" ci="0" mb="0" cb="0"/><line nr="1453" mi="2" ci="0" mb="0" cb="0"/><line nr="1454" mi="7" ci="0" mb="0" cb="0"/><line nr="1455" mi="7" ci="0" mb="0" cb="0"/><line nr="1456" mi="4" ci="0" mb="0" cb="0"/><line nr="1458" mi="8" ci="0" mb="0" cb="0"/><line nr="1459" mi="5" ci="0" mb="2" cb="0"/><line nr="1460" mi="8" ci="0" mb="4" cb="0"/><line nr="1461" mi="4" ci="0" mb="0" cb="0"/><line nr="1463" mi="6" ci="0" mb="0" cb="0"/><line nr="1464" mi="6" ci="0" mb="0" cb="0"/><line nr="1465" mi="5" ci="0" mb="0" cb="0"/><line nr="1466" mi="2" ci="0" mb="2" cb="0"/><line nr="1467" mi="2" ci="0" mb="0" cb="0"/><line nr="1469" mi="4" ci="0" mb="0" cb="0"/><line nr="1470" mi="1" ci="0" mb="0" cb="0"/><line nr="1472" mi="1" ci="0" mb="0" cb="0"/><line nr="1473" mi="7" ci="0" mb="0" cb="0"/><line nr="1474" mi="1" ci="0" mb="0" cb="0"/><line nr="1475" mi="4" ci="0" mb="0" cb="0"/><line nr="1476" mi="4" ci="0" mb="0" cb="0"/><line nr="1477" mi="4" ci="0" mb="4" cb="0"/><line nr="1478" mi="2" ci="0" mb="0" cb="0"/><line nr="1481" mi="10" ci="0" mb="0" cb="0"/><line nr="1482" mi="10" ci="0" mb="0" cb="0"/><line nr="1483" mi="6" ci="0" mb="0" cb="0"/><line nr="1484" mi="3" ci="0" mb="2" cb="0"/><line nr="1485" mi="2" ci="0" mb="0" cb="0"/><line nr="1486" mi="2" ci="0" mb="0" cb="0"/><line nr="1488" mi="8" ci="0" mb="0" cb="0"/><line nr="1490" mi="10" ci="0" mb="2" cb="0"/><line nr="1491" mi="10" ci="0" mb="0" cb="0"/><line nr="1492" mi="10" ci="0" mb="0" cb="0"/><line nr="1493" mi="2" ci="0" mb="0" cb="0"/><line nr="1494" mi="10" ci="0" mb="2" cb="0"/><line nr="1495" mi="2" ci="0" mb="0" cb="0"/><line nr="1496" mi="12" ci="0" mb="2" cb="0"/><line nr="1497" mi="24" ci="0" mb="0" cb="0"/><line nr="1498" mi="11" ci="0" mb="0" cb="0"/><line nr="1499" mi="6" ci="0" mb="0" cb="0"/><line nr="1500" mi="12" ci="0" mb="0" cb="0"/><line nr="1501" mi="18" ci="0" mb="0" cb="0"/><line nr="1502" mi="18" ci="0" mb="0" cb="0"/><line nr="1503" mi="9" ci="0" mb="0" cb="0"/><line nr="1505" mi="4" ci="0" mb="2" cb="0"/><line nr="1506" mi="2" ci="0" mb="0" cb="0"/><line nr="1508" mi="1" ci="0" mb="0" cb="0"/><line nr="1510" mi="2" ci="0" mb="0" cb="0"/><line nr="1511" mi="10" ci="0" mb="2" cb="0"/><line nr="1512" mi="2" ci="0" mb="0" cb="0"/><line nr="1513" mi="12" ci="0" mb="2" cb="0"/><line nr="1514" mi="24" ci="0" mb="0" cb="0"/><line nr="1515" mi="13" ci="0" mb="0" cb="0"/><line nr="1516" mi="7" ci="0" mb="0" cb="0"/><line nr="1517" mi="12" ci="0" mb="0" cb="0"/><line nr="1518" mi="18" ci="0" mb="0" cb="0"/><line nr="1519" mi="18" ci="0" mb="0" cb="0"/><line nr="1520" mi="9" ci="0" mb="0" cb="0"/><line nr="1522" mi="4" ci="0" mb="2" cb="0"/><line nr="1523" mi="2" ci="0" mb="0" cb="0"/><line nr="1525" mi="1" ci="0" mb="0" cb="0"/><line nr="1527" mi="2" ci="0" mb="0" cb="0"/><line nr="1528" mi="4" ci="0" mb="2" cb="0"/><line nr="1529" mi="3" ci="0" mb="0" cb="0"/><line nr="1531" mi="2" ci="0" mb="0" cb="0"/><line nr="1534" mi="23" ci="0" mb="0" cb="0"/><line nr="1536" mi="18" ci="0" mb="0" cb="0"/><line nr="1537" mi="2" ci="0" mb="0" cb="0"/><line nr="1538" mi="11" ci="0" mb="0" cb="0"/><line nr="1539" mi="2" ci="0" mb="0" cb="0"/><line nr="1540" mi="10" ci="0" mb="0" cb="0"/><line nr="1541" mi="2" ci="0" mb="0" cb="0"/><line nr="1542" mi="10" ci="0" mb="0" cb="0"/><line nr="1543" mi="2" ci="0" mb="0" cb="0"/><line nr="1544" mi="12" ci="0" mb="2" cb="0"/><line nr="1545" mi="2" ci="0" mb="0" cb="0"/><line nr="1546" mi="16" ci="0" mb="0" cb="0"/><line nr="1547" mi="1" ci="0" mb="0" cb="0"/><line nr="1548" mi="1" ci="0" mb="0" cb="0"/><line nr="1549" mi="1" ci="0" mb="0" cb="0"/><line nr="1551" mi="1" ci="0" mb="0" cb="0"/><line nr="1552" mi="7" ci="0" mb="0" cb="0"/><line nr="1555" mi="2" ci="0" mb="0" cb="0"/><line nr="1556" mi="1" ci="0" mb="0" cb="0"/><line nr="1557" mi="7" ci="0" mb="0" cb="0"/><line nr="1558" mi="1" ci="0" mb="0" cb="0"/><line nr="1561" mi="8" ci="0" mb="0" cb="0"/><line nr="1563" mi="2" ci="0" mb="0" cb="0"/><line nr="1564" mi="1" ci="0" mb="0" cb="0"/><line nr="1565" mi="7" ci="0" mb="0" cb="0"/><line nr="1567" mi="2" ci="0" mb="0" cb="0"/><line nr="1572" mi="7" ci="0" mb="0" cb="0"/><line nr="1573" mi="5" ci="0" mb="0" cb="0"/><line nr="1574" mi="5" ci="0" mb="0" cb="0"/><line nr="1575" mi="4" ci="0" mb="4" cb="0"/><line nr="1576" mi="2" ci="0" mb="0" cb="0"/><line nr="1578" mi="9" ci="0" mb="0" cb="0"/><line nr="1583" mi="7" ci="0" mb="0" cb="0"/><line nr="1584" mi="7" ci="0" mb="0" cb="0"/><line nr="1585" mi="4" ci="0" mb="0" cb="0"/><line nr="1586" mi="5" ci="0" mb="0" cb="0"/><line nr="1587" mi="4" ci="0" mb="0" cb="0"/><line nr="1588" mi="10" ci="0" mb="2" cb="0"/><line nr="1589" mi="4" ci="0" mb="2" cb="0"/><line nr="1590" mi="7" ci="0" mb="0" cb="0"/><line nr="1591" mi="13" ci="0" mb="0" cb="0"/><line nr="1593" mi="1" ci="0" mb="0" cb="0"/><line nr="1595" mi="12" ci="0" mb="0" cb="0"/><line nr="1598" mi="8" ci="0" mb="2" cb="0"/><line nr="1599" mi="2" ci="0" mb="0" cb="0"/><line nr="1601" mi="8" ci="0" mb="2" cb="0"/><line nr="1602" mi="2" ci="0" mb="0" cb="0"/><line nr="1604" mi="10" ci="0" mb="0" cb="0"/><line nr="1608" mi="2" ci="0" mb="0" cb="0"/><line nr="1611" mi="8" ci="0" mb="0" cb="0"/><line nr="1613" mi="3" ci="0" mb="0" cb="0"/><line nr="1615" mi="10" ci="0" mb="2" cb="0"/><line nr="1616" mi="2" ci="0" mb="0" cb="0"/><line nr="1618" mi="6" ci="0" mb="2" cb="0"/><line nr="1619" mi="3" ci="0" mb="0" cb="0"/><line nr="1621" mi="2" ci="0" mb="0" cb="0"/><line nr="1623" mi="17" ci="0" mb="0" cb="0"/><line nr="1624" mi="7" ci="0" mb="0" cb="0"/><line nr="1625" mi="5" ci="0" mb="0" cb="0"/><line nr="1626" mi="1" ci="0" mb="0" cb="0"/><line nr="1628" mi="1" ci="0" mb="0" cb="0"/><line nr="1629" mi="7" ci="0" mb="0" cb="0"/><line nr="1632" mi="2" ci="0" mb="0" cb="0"/><line nr="1633" mi="1" ci="0" mb="0" cb="0"/><line nr="1634" mi="7" ci="0" mb="0" cb="0"/><line nr="1635" mi="1" ci="0" mb="0" cb="0"/><line nr="1637" mi="3" ci="0" mb="2" cb="0"/><line nr="1638" mi="4" ci="0" mb="0" cb="0"/><line nr="1640" mi="2" ci="0" mb="0" cb="0"/><line nr="1645" mi="7" ci="0" mb="0" cb="0"/><line nr="1646" mi="7" ci="0" mb="0" cb="0"/><line nr="1647" mi="7" ci="0" mb="0" cb="0"/><line nr="1648" mi="7" ci="0" mb="0" cb="0"/><line nr="1649" mi="2" ci="0" mb="0" cb="0"/><line nr="1650" mi="2" ci="0" mb="0" cb="0"/><line nr="1651" mi="2" ci="0" mb="0" cb="0"/><line nr="1652" mi="2" ci="0" mb="0" cb="0"/><line nr="1653" mi="4" ci="0" mb="0" cb="0"/><line nr="1654" mi="4" ci="0" mb="0" cb="0"/><line nr="1655" mi="2" ci="0" mb="0" cb="0"/><line nr="1656" mi="2" ci="0" mb="0" cb="0"/><line nr="1657" mi="4" ci="0" mb="0" cb="0"/><line nr="1658" mi="4" ci="0" mb="0" cb="0"/><line nr="1659" mi="10" ci="0" mb="0" cb="0"/><line nr="1660" mi="10" ci="0" mb="0" cb="0"/><line nr="1661" mi="4" ci="0" mb="0" cb="0"/><line nr="1663" mi="6" ci="0" mb="6" cb="0"/><line nr="1664" mi="2" ci="0" mb="0" cb="0"/><line nr="1668" mi="8" ci="0" mb="0" cb="0"/><line nr="1669" mi="5" ci="0" mb="2" cb="0"/><line nr="1670" mi="8" ci="0" mb="4" cb="0"/><line nr="1671" mi="4" ci="0" mb="0" cb="0"/><line nr="1673" mi="6" ci="0" mb="0" cb="0"/><line nr="1674" mi="6" ci="0" mb="0" cb="0"/><line nr="1675" mi="5" ci="0" mb="0" cb="0"/><line nr="1676" mi="2" ci="0" mb="2" cb="0"/><line nr="1677" mi="2" ci="0" mb="0" cb="0"/><line nr="1679" mi="4" ci="0" mb="0" cb="0"/><line nr="1680" mi="1" ci="0" mb="0" cb="0"/><line nr="1682" mi="1" ci="0" mb="0" cb="0"/><line nr="1683" mi="7" ci="0" mb="0" cb="0"/><line nr="1684" mi="1" ci="0" mb="0" cb="0"/><line nr="1686" mi="4" ci="0" mb="2" cb="0"/><line nr="1687" mi="5" ci="0" mb="0" cb="0"/><line nr="1688" mi="10" ci="0" mb="2" cb="0"/><line nr="1689" mi="6" ci="0" mb="2" cb="0"/><line nr="1690" mi="2" ci="0" mb="0" cb="0"/><line nr="1692" mi="1" ci="0" mb="0" cb="0"/><line nr="1694" mi="12" ci="0" mb="0" cb="0"/><line nr="1696" mi="5" ci="0" mb="2" cb="0"/><line nr="1697" mi="5" ci="0" mb="0" cb="0"/><line nr="1698" mi="10" ci="0" mb="2" cb="0"/><line nr="1699" mi="8" ci="0" mb="4" cb="0"/><line nr="1700" mi="2" ci="0" mb="0" cb="0"/><line nr="1701" mi="13" ci="0" mb="0" cb="0"/><line nr="1702" mi="8" ci="0" mb="4" cb="0"/><line nr="1703" mi="2" ci="0" mb="0" cb="0"/><line nr="1704" mi="13" ci="0" mb="0" cb="0"/><line nr="1706" mi="2" ci="0" mb="0" cb="0"/><line nr="1708" mi="1" ci="0" mb="0" cb="0"/><line nr="1709" mi="1" ci="0" mb="0" cb="0"/><line nr="1710" mi="2" ci="0" mb="0" cb="0"/><line nr="1713" mi="8" ci="0" mb="0" cb="0"/><line nr="1714" mi="10" ci="0" mb="2" cb="0"/><line nr="1715" mi="2" ci="0" mb="0" cb="0"/><line nr="1717" mi="12" ci="0" mb="2" cb="0"/><line nr="1718" mi="13" ci="0" mb="0" cb="0"/><line nr="1719" mi="18" ci="0" mb="0" cb="0"/><line nr="1720" mi="18" ci="0" mb="0" cb="0"/><line nr="1721" mi="9" ci="0" mb="0" cb="0"/><line nr="1723" mi="23" ci="0" mb="0" cb="0"/><line nr="1725" mi="2" ci="0" mb="0" cb="0"/><line nr="1726" mi="18" ci="0" mb="0" cb="0"/><line nr="1727" mi="2" ci="0" mb="0" cb="0"/><line nr="1728" mi="10" ci="0" mb="0" cb="0"/><line nr="1729" mi="2" ci="0" mb="0" cb="0"/><line nr="1730" mi="11" ci="0" mb="0" cb="0"/><line nr="1731" mi="2" ci="0" mb="0" cb="0"/><line nr="1732" mi="10" ci="0" mb="0" cb="0"/><line nr="1734" mi="12" ci="0" mb="2" cb="0"/><line nr="1735" mi="2" ci="0" mb="0" cb="0"/><line nr="1736" mi="16" ci="0" mb="0" cb="0"/><line nr="1737" mi="1" ci="0" mb="0" cb="0"/><line nr="1738" mi="1" ci="0" mb="0" cb="0"/><line nr="1739" mi="1" ci="0" mb="0" cb="0"/><line nr="1740" mi="1" ci="0" mb="0" cb="0"/><line nr="1741" mi="7" ci="0" mb="0" cb="0"/><line nr="1744" mi="2" ci="0" mb="0" cb="0"/><line nr="1745" mi="1" ci="0" mb="0" cb="0"/><line nr="1746" mi="7" ci="0" mb="0" cb="0"/><line nr="1747" mi="1" ci="0" mb="0" cb="0"/><line nr="1750" mi="3" ci="0" mb="0" cb="0"/><line nr="1755" mi="7" ci="0" mb="0" cb="0"/><line nr="1756" mi="7" ci="0" mb="0" cb="0"/><line nr="1757" mi="7" ci="0" mb="0" cb="0"/><line nr="1758" mi="4" ci="0" mb="0" cb="0"/><line nr="1759" mi="3" ci="0" mb="0" cb="0"/><line nr="1760" mi="2" ci="0" mb="0" cb="0"/><line nr="1761" mi="2" ci="0" mb="0" cb="0"/><line nr="1762" mi="2" ci="0" mb="0" cb="0"/><line nr="1764" mi="4" ci="0" mb="0" cb="0"/><line nr="1765" mi="6" ci="0" mb="0" cb="0"/><line nr="1766" mi="3" ci="0" mb="2" cb="0"/><line nr="1767" mi="3" ci="0" mb="0" cb="0"/><line nr="1769" mi="1" ci="0" mb="0" cb="0"/><line nr="1770" mi="7" ci="0" mb="0" cb="0"/><line nr="1771" mi="1" ci="0" mb="0" cb="0"/><line nr="1773" mi="2" ci="0" mb="0" cb="0"/><line nr="1775" mi="5" ci="0" mb="0" cb="0"/><line nr="1776" mi="5" ci="0" mb="0" cb="0"/><line nr="1777" mi="10" ci="0" mb="2" cb="0"/><line nr="1778" mi="5" ci="0" mb="0" cb="0"/><line nr="1779" mi="1" ci="0" mb="0" cb="0"/><line nr="1780" mi="5" ci="0" mb="0" cb="0"/><line nr="1783" mi="8" ci="0" mb="0" cb="0"/><line nr="1784" mi="4" ci="0" mb="0" cb="0"/><line nr="1785" mi="2" ci="0" mb="0" cb="0"/><line nr="1786" mi="10" ci="0" mb="0" cb="0"/><line nr="1787" mi="2" ci="0" mb="0" cb="0"/><line nr="1788" mi="10" ci="0" mb="0" cb="0"/><line nr="1789" mi="2" ci="0" mb="0" cb="0"/><line nr="1790" mi="12" ci="0" mb="0" cb="0"/><line nr="1791" mi="2" ci="0" mb="0" cb="0"/><line nr="1792" mi="10" ci="0" mb="0" cb="0"/><line nr="1793" mi="2" ci="0" mb="0" cb="0"/><line nr="1794" mi="11" ci="0" mb="0" cb="0"/><line nr="1795" mi="2" ci="0" mb="0" cb="0"/><line nr="1796" mi="3" ci="0" mb="0" cb="0"/><line nr="1800" mi="10" ci="0" mb="2" cb="0"/><line nr="1801" mi="2" ci="0" mb="0" cb="0"/><line nr="1802" mi="5" ci="0" mb="0" cb="0"/><line nr="1803" mi="17" ci="0" mb="0" cb="0"/><line nr="1804" mi="12" ci="0" mb="0" cb="0"/><line nr="1805" mi="7" ci="0" mb="0" cb="0"/><line nr="1806" mi="7" ci="0" mb="0" cb="0"/><line nr="1807" mi="7" ci="0" mb="0" cb="0"/><line nr="1808" mi="10" ci="0" mb="0" cb="0"/><line nr="1809" mi="1" ci="0" mb="0" cb="0"/><line nr="1811" mi="1" ci="0" mb="0" cb="0"/><line nr="1812" mi="7" ci="0" mb="0" cb="0"/><line nr="1815" mi="2" ci="0" mb="0" cb="0"/><line nr="1816" mi="1" ci="0" mb="0" cb="0"/><line nr="1817" mi="7" ci="0" mb="0" cb="0"/><line nr="1818" mi="1" ci="0" mb="0" cb="0"/><line nr="1820" mi="2" ci="0" mb="0" cb="0"/><counter type="INSTRUCTION" missed="5591" covered="0"/><counter type="BRANCH" missed="284" covered="0"/><counter type="LINE" missed="1105" covered="0"/><counter type="COMPLEXITY" missed="185" covered="0"/><counter type="METHOD" missed="43" covered="0"/><counter type="CLASS" missed="2" covered="0"/></sourcefile><counter type="INSTRUCTION" missed="5591" covered="0"/><counter type="BRANCH" missed="284" covered="0"/><counter type="LINE" missed="1105" covered="0"/><counter type="COMPLEXITY" missed="185" covered="0"/><counter type="METHOD" missed="43" covered="0"/><counter type="CLASS" missed="2" covered="0"/></package><package name="lapr/project/utils"><class name="lapr/project/utils/PhysicsAlgorithms" sourcefilename="PhysicsAlgorithms.java"><method name="&lt;init&gt;" desc="()V" line="12"><counter type="INSTRUCTION" missed="0" covered="3"/><counter type="LINE" missed="0" covered="1"/><counter type="COMPLEXITY" missed="0" covered="1"/><counter type="METHOD" missed="0" covered="1"/></method><method name="calculateCalories" desc="(DDDDFDFFDDDDDD)D" line="22"><counter type="INSTRUCTION" missed="2" covered="49"/><counter type="BRANCH" missed="1" covered="1"/><counter type="LINE" missed="1" covered="7"/><counter type="COMPLEXITY" missed="1" covered="1"/><counter type="METHOD" missed="0" covered="1"/></method><method name="calculateTotalForce" desc="(DDDDDDFDFFDDDD)D" line="34"><counter type="INSTRUCTION" missed="0" covered="36"/><counter type="LINE" missed="0" covered="4"/><counter type="COMPLEXITY" missed="0" covered="1"/><counter type="METHOD" missed="0" covered="1"/></method><method name="calculateGravitationalForce" desc="(DDDDDDDD)D" line="41"><counter type="INSTRUCTION" missed="0" covered="19"/><counter type="LINE" missed="0" covered="3"/><counter type="COMPLEXITY" missed="0" covered="1"/><counter type="METHOD" missed="0" covered="1"/></method><method name="calculatePathInclination" desc="(DDDDDD)D" line="47"><counter type="INSTRUCTION" missed="0" covered="13"/><counter type="LINE" missed="0" covered="2"/><counter type="COMPLEXITY" missed="0" covered="1"/><counter type="METHOD" missed="0" covered="1"/></method><method name="calculateFrictionalForce" desc="(DDDDDDDDD)D" line="52"><counter type="INSTRUCTION" missed="0" covered="26"/><counter type="LINE" missed="0" covered="3"/><counter type="COMPLEXITY" missed="0" covered="1"/><counter type="METHOD" missed="0" covered="1"/></method><method name="calculateWindeForce" desc="(DFDF)D" line="58"><counter type="INSTRUCTION" missed="0" covered="13"/><counter type="LINE" missed="0" covered="1"/><counter type="COMPLEXITY" missed="0" covered="1"/><counter type="METHOD" missed="0" covered="1"/></method><method name="calculateAverageSpeedWithWindDirection" desc="(FFF)D" line="62"><counter type="INSTRUCTION" missed="0" covered="38"/><counter type="BRANCH" missed="0" covered="6"/><counter type="LINE" missed="0" covered="6"/><counter type="COMPLEXITY" missed="0" covered="4"/><counter type="METHOD" missed="0" covered="1"/></method><method name="calculateDistanceWithElevation" desc="(DDDDDD)D" line="86"><counter type="INSTRUCTION" missed="0" covered="69"/><counter type="LINE" missed="0" covered="10"/><counter type="COMPLEXITY" missed="0" covered="1"/><counter type="METHOD" missed="0" covered="1"/></method><method name="linearDistanceTo" desc="(DDDD)D" line="113"><counter type="INSTRUCTION" missed="0" covered="8"/><counter type="LINE" missed="0" covered="1"/><counter type="COMPLEXITY" missed="0" covered="1"/><counter type="METHOD" missed="0" covered="1"/></method><method name="deg2rad" desc="(D)D" line="117"><counter type="INSTRUCTION" missed="6" covered="0"/><counter type="LINE" missed="1" covered="0"/><counter type="COMPLEXITY" missed="1" covered="0"/><counter type="METHOD" missed="1" covered="0"/></method><method name="calculateDistanceAScooterCanDo" desc="(IDI)D" line="121"><counter type="INSTRUCTION" missed="0" covered="22"/><counter type="LINE" missed="0" covered="3"/><counter type="COMPLEXITY" missed="0" covered="1"/><counter type="METHOD" missed="0" covered="1"/></method><method name="calculateEnergySpentBetweenPoints" desc="(DDDDDFFDDDDDD)D" line="132"><counter type="INSTRUCTION" missed="0" covered="41"/><counter type="LINE" missed="0" covered="5"/><counter type="COMPLEXITY" missed="0" covered="1"/><counter type="METHOD" missed="0" covered="1"/></method><method name="calculateEnergyforGivenTrip" desc="(DDDDDFFDDDDDD)D" line="141"><counter type="INSTRUCTION" missed="0" covered="22"/><counter type="LINE" missed="0" covered="2"/><counter type="COMPLEXITY" missed="0" covered="1"/><counter type="METHOD" missed="0" covered="1"/></method><method name="calculateTimeNeededToChargeTotaly" desc="(DDDII)D" line="146"><counter type="INSTRUCTION" missed="0" covered="41"/><counter type="BRANCH" missed="0" covered="4"/><counter type="LINE" missed="0" covered="8"/><counter type="COMPLEXITY" missed="0" covered="3"/><counter type="METHOD" missed="0" covered="1"/></method><counter type="INSTRUCTION" missed="8" covered="400"/><counter type="BRANCH" missed="1" covered="11"/><counter type="LINE" missed="2" covered="56"/><counter type="COMPLEXITY" missed="2" covered="19"/><counter type="METHOD" missed="1" covered="14"/><counter type="CLASS" missed="0" covered="1"/></class><sourcefile name="PhysicsAlgorithms.java"><line nr="12" mi="0" ci="3" mb="0" cb="0"/><line nr="22" mi="0" ci="17" mb="0" cb="0"/><line nr="23" mi="0" ci="6" mb="0" cb="0"/><line nr="24" mi="0" ci="8" mb="0" cb="0"/><line nr="25" mi="0" ci="4" mb="0" cb="0"/><line nr="26" mi="0" ci="8" mb="0" cb="0"/><line nr="27" mi="0" ci="4" mb="1" cb="1"/><line nr="28" mi="2" ci="0" mb="0" cb="0"/><line nr="30" mi="0" ci="2" mb="0" cb="0"/><line nr="34" mi="0" ci="11" mb="0" cb="0"/><line nr="35" mi="0" ci="12" mb="0" cb="0"/><line nr="36" mi="0" ci="7" mb="0" cb="0"/><line nr="37" mi="0" ci="6" mb="0" cb="0"/><line nr="41" mi="0" ci="4" mb="0" cb="0"/><line nr="42" mi="0" ci="9" mb="0" cb="0"/><line nr="43" mi="0" ci="6" mb="0" cb="0"/><line nr="47" mi="0" ci="7" mb="0" cb="0"/><line nr="48" mi="0" ci="6" mb="0" cb="0"/><line nr="52" mi="0" ci="4" mb="0" cb="0"/><line nr="53" mi="0" ci="9" mb="0" cb="0"/><line nr="54" mi="0" ci="13" mb="0" cb="0"/><line nr="58" mi="0" ci="13" mb="0" cb="0"/><line nr="62" mi="0" ci="4" mb="0" cb="2"/><line nr="63" mi="0" ci="9" mb="0" cb="0"/><line nr="64" mi="0" ci="8" mb="0" cb="4"/><line nr="65" mi="0" ci="4" mb="0" cb="0"/><line nr="66" mi="0" ci="10" mb="0" cb="0"/><line nr="68" mi="0" ci="3" mb="0" cb="0"/><line nr="86" mi="0" ci="5" mb="0" cb="0"/><line nr="87" mi="0" ci="5" mb="0" cb="0"/><line nr="88" mi="0" ci="10" mb="0" cb="0"/><line nr="89" mi="0" ci="9" mb="0" cb="0"/><line nr="90" mi="0" ci="9" mb="0" cb="0"/><line nr="91" mi="0" ci="10" mb="0" cb="0"/><line nr="92" mi="0" ci="6" mb="0" cb="0"/><line nr="94" mi="0" ci="4" mb="0" cb="0"/><line nr="96" mi="0" ci="8" mb="0" cb="0"/><line nr="98" mi="0" ci="3" mb="0" cb="0"/><line nr="113" mi="0" ci="8" mb="0" cb="0"/><line nr="117" mi="6" ci="0" mb="0" cb="0"/><line nr="121" mi="0" ci="6" mb="0" cb="0"/><line nr="122" mi="0" ci="10" mb="0" cb="0"/><line nr="123" mi="0" ci="6" mb="0" cb="0"/><line nr="132" mi="0" ci="17" mb="0" cb="0"/><line nr="133" mi="0" ci="6" mb="0" cb="0"/><line nr="134" mi="0" ci="8" mb="0" cb="0"/><line nr="135" mi="0" ci="4" mb="0" cb="0"/><line nr="136" mi="0" ci="6" mb="0" cb="0"/><line nr="141" mi="0" ci="16" mb="0" cb="0"/><line nr="142" mi="0" ci="6" mb="0" cb="0"/><line nr="146" mi="0" ci="4" mb="0" cb="0"/><line nr="147" mi="0" ci="4" mb="0" cb="0"/><line nr="148" mi="0" ci="5" mb="0" cb="0"/><line nr="149" mi="0" ci="4" mb="0" cb="2"/><line nr="150" mi="0" ci="2" mb="0" cb="0"/><line nr="152" mi="0" ci="4" mb="0" cb="2"/><line nr="153" mi="0" ci="2" mb="0" cb="0"/><line nr="155" mi="0" ci="16" mb="0" cb="0"/><counter type="INSTRUCTION" missed="8" covered="400"/><counter type="BRANCH" missed="1" covered="11"/><counter type="LINE" missed="2" covered="56"/><counter type="COMPLEXITY" missed="2" covered="19"/><counter type="METHOD" missed="1" covered="14"/><counter type="CLASS" missed="0" covered="1"/></sourcefile><counter type="INSTRUCTION" missed="8" covered="400"/><counter type="BRANCH" missed="1" covered="11"/><counter type="LINE" missed="2" covered="56"/><counter type="COMPLEXITY" missed="2" covered="19"/><counter type="METHOD" missed="1" covered="14"/><counter type="CLASS" missed="0" covered="1"/></package><package name="lapr/project/ui"><class name="lapr/project/ui/UserUI" sourcefilename="UserUI.java"><method name="&lt;init&gt;" desc="()V" line="50"><counter type="INSTRUCTION" missed="3" covered="0"/><counter type="LINE" missed="2" covered="0"/><counter type="COMPLEXITY" missed="1" covered="0"/><counter type="METHOD" missed="1" covered="0"/></method><method name="showUserScreen" desc="()V" line="55"><counter type="INSTRUCTION" missed="4" covered="0"/><counter type="LINE" missed="2" covered="0"/><counter type="COMPLEXITY" missed="1" covered="0"/><counter type="METHOD" missed="1" covered="0"/></method><method name="loop" desc="()V" line="71"><counter type="INSTRUCTION" missed="51" covered="0"/><counter type="BRANCH" missed="14" covered="0"/><counter type="LINE" missed="24" covered="0"/><counter type="COMPLEXITY" missed="12" covered="0"/><counter type="METHOD" missed="1" covered="0"/></method><method name="getUserHistorical" desc="()V" line="109"><counter type="INSTRUCTION" missed="47" covered="0"/><counter type="BRANCH" missed="6" covered="0"/><counter type="LINE" missed="12" covered="0"/><counter type="COMPLEXITY" missed="4" covered="0"/><counter type="METHOD" missed="1" covered="0"/></method><method name="getNearestParks" desc="()V" line="127"><counter type="INSTRUCTION" missed="64" covered="0"/><counter type="BRANCH" missed="4" covered="0"/><counter type="LINE" missed="14" covered="0"/><counter type="COMPLEXITY" missed="3" covered="0"/><counter type="METHOD" missed="1" covered="0"/></method><method name="checkParkFreeBicycleSpots" desc="()V" line="150"><counter type="INSTRUCTION" missed="37" covered="0"/><counter type="LINE" missed="6" covered="0"/><counter type="COMPLEXITY" missed="1" covered="0"/><counter type="METHOD" missed="1" covered="0"/></method><method name="checkParkFreeScooterSpots" desc="()V" line="161"><counter type="INSTRUCTION" missed="37" covered="0"/><counter type="LINE" missed="6" covered="0"/><counter type="COMPLEXITY" missed="1" covered="0"/><counter type="METHOD" missed="1" covered="0"/></method><method name="parkVehicleAtAGivenPark" desc="()V" line="172"><counter type="INSTRUCTION" missed="37" covered="0"/><counter type="BRANCH" missed="2" covered="0"/><counter type="LINE" missed="10" covered="0"/><counter type="COMPLEXITY" missed="2" covered="0"/><counter type="METHOD" missed="1" covered="0"/></method><method name="checkParkFeeSpotsForMyLoanedVehicle" desc="()V" line="189"><counter type="INSTRUCTION" missed="46" covered="0"/><counter type="LINE" missed="8" covered="0"/><counter type="COMPLEXITY" missed="1" covered="0"/><counter type="METHOD" missed="1" covered="0"/></method><method name="makeRental" desc="()V" line="203"><counter type="INSTRUCTION" missed="49" covered="0"/><counter type="LINE" missed="11" covered="0"/><counter type="COMPLEXITY" missed="1" covered="0"/><counter type="METHOD" missed="1" covered="0"/></method><method name="&lt;clinit&gt;" desc="()V" line="36"><counter type="INSTRUCTION" missed="6" covered="0"/><counter type="LINE" missed="1" covered="0"/><counter type="COMPLEXITY" missed="1" covered="0"/><counter type="METHOD" missed="1" covered="0"/></method><counter type="INSTRUCTION" missed="381" covered="0"/><counter type="BRANCH" missed="26" covered="0"/><counter type="LINE" missed="96" covered="0"/><counter type="COMPLEXITY" missed="28" covered="0"/><counter type="METHOD" missed="11" covered="0"/><counter type="CLASS" missed="1" covered="0"/></class><class name="lapr/project/ui/AdminUI" sourcefilename="AdminUI.java"><method name="&lt;init&gt;" desc="()V" line="40"><counter type="INSTRUCTION" missed="3" covered="0"/><counter type="LINE" missed="2" covered="0"/><counter type="COMPLEXITY" missed="1" covered="0"/><counter type="METHOD" missed="1" covered="0"/></method><method name="showAdminScreen" desc="()V" line="48"><counter type="INSTRUCTION" missed="4" covered="0"/><counter type="LINE" missed="2" covered="0"/><counter type="COMPLEXITY" missed="1" covered="0"/><counter type="METHOD" missed="1" covered="0"/></method><method name="loop" desc="()V" line="68"><counter type="INSTRUCTION" missed="53" covered="0"/><counter type="BRANCH" missed="15" covered="0"/><counter type="LINE" missed="26" covered="0"/><counter type="COMPLEXITY" missed="13" covered="0"/><counter type="METHOD" missed="1" covered="0"/></method><method name="addPark" desc="()V" line="113"><counter type="INSTRUCTION" missed="183" covered="0"/><counter type="BRANCH" missed="8" covered="0"/><counter type="LINE" missed="38" covered="0"/><counter type="COMPLEXITY" missed="5" covered="0"/><counter type="METHOD" missed="1" covered="0"/></method><method name="addPOI" desc="()V" line="184"><counter type="INSTRUCTION" missed="104" covered="0"/><counter type="BRANCH" missed="4" covered="0"/><counter type="LINE" missed="23" covered="0"/><counter type="COMPLEXITY" missed="3" covered="0"/><counter type="METHOD" missed="1" covered="0"/></method><method name="removePark" desc="()V" line="225"><counter type="INSTRUCTION" missed="55" covered="0"/><counter type="BRANCH" missed="4" covered="0"/><counter type="LINE" missed="13" covered="0"/><counter type="COMPLEXITY" missed="3" covered="0"/><counter type="METHOD" missed="1" covered="0"/></method><method name="updatePark" desc="()V" line="248"><counter type="INSTRUCTION" missed="42" covered="0"/><counter type="BRANCH" missed="2" covered="0"/><counter type="LINE" missed="13" covered="0"/><counter type="COMPLEXITY" missed="2" covered="0"/><counter type="METHOD" missed="1" covered="0"/></method><method name="addVehicle" desc="()V" line="270"><counter type="INSTRUCTION" missed="25" covered="0"/><counter type="BRANCH" missed="4" covered="0"/><counter type="LINE" missed="12" covered="0"/><counter type="COMPLEXITY" missed="4" covered="0"/><counter type="METHOD" missed="1" covered="0"/></method><method name="addScooter" desc="(I)V" line="300"><counter type="INSTRUCTION" missed="161" covered="0"/><counter type="BRANCH" missed="8" covered="0"/><counter type="LINE" missed="35" covered="0"/><counter type="COMPLEXITY" missed="5" covered="0"/><counter type="METHOD" missed="1" covered="0"/></method><method name="addBicycle" desc="(I)V" line="367"><counter type="INSTRUCTION" missed="156" covered="0"/><counter type="BRANCH" missed="8" covered="0"/><counter type="LINE" missed="34" covered="0"/><counter type="COMPLEXITY" missed="5" covered="0"/><counter type="METHOD" missed="1" covered="0"/></method><method name="removeVehicle" desc="()V" line="430"><counter type="INSTRUCTION" missed="61" covered="0"/><counter type="BRANCH" missed="4" covered="0"/><counter type="LINE" missed="15" covered="0"/><counter type="COMPLEXITY" missed="3" covered="0"/><counter type="METHOD" missed="1" covered="0"/></method><method name="updateVehicle" desc="()V" line="456"><counter type="INSTRUCTION" missed="4" covered="0"/><counter type="LINE" missed="2"
[...]
missed="0" covered="1"/></method><method name="getInvoiceLinesOfInvoice" desc="(I)Ljava/util/List;" line="45"><counter type="INSTRUCTION" missed="0" covered="5"/><counter type="LINE" missed="0" covered="1"/><counter type="COMPLEXITY" missed="0" covered="1"/><counter type="METHOD" missed="0" covered="1"/></method><counter type="INSTRUCTION" missed="0" covered="34"/><counter type="LINE" missed="0" covered="10"/><counter type="COMPLEXITY" missed="0" covered="4"/><counter type="METHOD" missed="0" covered="4"/><counter type="CLASS" missed="0" covered="1"/></class><class name="lapr/project/controller/UserController" sourcefilename="UserController.java"><method name="&lt;init&gt;" desc="(Llapr/project/data/UserDataHandler;)V" line="30"><counter type="INSTRUCTION" missed="0" covered="6"/><counter type="LINE" missed="0" covered="3"/><counter type="COMPLEXITY" missed="0" covered="1"/><counter type="METHOD" missed="0" covered="1"/></method><method name="addUser" desc="(Ljava/lang/String;Ljava/lang/String;Ljava/lang/String;FIFLjava/lang/String;Ljava/lang/String;)Llapr/project/model/User;" line="36"><counter type="INSTRUCTION" missed="0" covered="20"/><counter type="LINE" missed="0" covered="3"/><counter type="COMPLEXITY" missed="0" covered="1"/><counter type="METHOD" missed="0" covered="1"/></method><method name="getById" desc="(I)Llapr/project/model/User;" line="42"><counter type="INSTRUCTION" missed="0" covered="9"/><counter type="LINE" missed="0" covered="3"/><counter type="COMPLEXITY" missed="0" covered="1"/><counter type="METHOD" missed="0" covered="1"/></method><method name="getUserByUsername" desc="(Ljava/lang/String;)Llapr/project/model/User;" line="56"><counter type="INSTRUCTION" missed="0" covered="9"/><counter type="LINE" missed="0" covered="3"/><counter type="COMPLEXITY" missed="0" covered="1"/><counter type="METHOD" missed="0" covered="1"/></method><method name="login" desc="(Ljava/lang/String;Ljava/lang/String;)Llapr/project/model/User;" line="64"><counter type="INSTRUCTION" missed="0" covered="15"/><counter type="LINE" missed="0" covered="4"/><counter type="COMPLEXITY" missed="0" covered="1"/><counter type="METHOD" missed="0" covered="1"/></method><method name="calculateAmountCalories" desc="(Ljava/util/ArrayList;II)D" line="74"><counter type="INSTRUCTION" missed="0" covered="11"/><counter type="LINE" missed="0" covered="3"/><counter type="COMPLEXITY" missed="0" covered="1"/><counter type="METHOD" missed="0" covered="1"/></method><method name="getUserHistorical" desc="(I)Ljava/util/List;" line="84"><counter type="INSTRUCTION" missed="0" covered="5"/><counter type="LINE" missed="0" covered="1"/><counter type="COMPLEXITY" missed="0" covered="1"/><counter type="METHOD" missed="0" covered="1"/></method><method name="getUnpaidRentals" desc="(I)Ljava/util/TreeMap;" line="90"><counter type="INSTRUCTION" missed="0" covered="5"/><counter type="LINE" missed="0" covered="1"/><counter type="COMPLEXITY" missed="0" covered="1"/><counter type="METHOD" missed="0" covered="1"/></method><counter type="INSTRUCTION" missed="0" covered="80"/><counter type="LINE" missed="0" covered="21"/><counter type="COMPLEXITY" missed="0" covered="8"/><counter type="METHOD" missed="0" covered="8"/><counter type="CLASS" missed="0" covered="1"/></class><class name="lapr/project/controller/ParkController" sourcefilename="ParkController.java"><method name="&lt;init&gt;" desc="(Llapr/project/data/ParkDataHandler;)V" line="31"><counter type="INSTRUCTION" missed="0" covered="6"/><counter type="LINE" missed="0" covered="3"/><counter type="COMPLEXITY" missed="0" covered="1"/><counter type="METHOD" missed="0" covered="1"/></method><method name="addPark" desc="(Ljava/lang/String;Ljava/lang/String;IIIDDDII)Llapr/project/model/Park;" line="52"><counter type="INSTRUCTION" missed="0" covered="48"/><counter type="LINE" missed="0" covered="8"/><counter type="COMPLEXITY" missed="0" covered="1"/><counter type="METHOD" missed="0" covered="1"/></method><method name="getPark" desc="(I)Llapr/project/model/Park;" line="70"><counter type="INSTRUCTION" missed="0" covered="9"/><counter type="LINE" missed="0" covered="3"/><counter type="COMPLEXITY" missed="0" covered="1"/><counter type="METHOD" missed="0" covered="1"/></method><method name="removePark" desc="(I)Z" line="86"><counter type="INSTRUCTION" missed="0" covered="9"/><counter type="LINE" missed="0" covered="3"/><counter type="COMPLEXITY" missed="0" covered="1"/><counter type="METHOD" missed="0" covered="1"/></method><method name="getNearestParks" desc="(DDD)Ljava/util/List;" line="103"><counter type="INSTRUCTION" missed="0" covered="13"/><counter type="LINE" missed="0" covered="3"/><counter type="COMPLEXITY" missed="0" covered="1"/><counter type="METHOD" missed="0" covered="1"/></method><method name="getAllParks" desc="()Ljava/util/List;" line="116"><counter type="INSTRUCTION" missed="0" covered="8"/><counter type="LINE" missed="0" covered="3"/><counter type="COMPLEXITY" missed="0" covered="1"/><counter type="METHOD" missed="0" covered="1"/></method><method name="checkParkFreeSpots" desc="(II)I" line="132"><counter type="INSTRUCTION" missed="0" covered="10"/><counter type="LINE" missed="0" covered="3"/><counter type="COMPLEXITY" missed="0" covered="1"/><counter type="METHOD" missed="0" covered="1"/></method><method name="parkVehicle" desc="(II)Z" line="149"><counter type="INSTRUCTION" missed="33" covered="0"/><counter type="BRANCH" missed="2" covered="0"/><counter type="LINE" missed="11" covered="0"/><counter type="COMPLEXITY" missed="2" covered="0"/><counter type="METHOD" missed="1" covered="0"/></method><method name="addPOI" desc="(DDDLjava/lang/String;)Llapr/project/model/PointInterest;" line="176"><counter type="INSTRUCTION" missed="0" covered="21"/><counter type="LINE" missed="0" covered="4"/><counter type="COMPLEXITY" missed="0" covered="1"/><counter type="METHOD" missed="0" covered="1"/></method><method name="updatePark" desc="(ILjava/lang/String;)Z" line="193"><counter type="INSTRUCTION" missed="0" covered="10"/><counter type="LINE" missed="0" covered="3"/><counter type="COMPLEXITY" missed="0" covered="1"/><counter type="METHOD" missed="0" covered="1"/></method><method name="getParkByCoordinates" desc="(DD)Llapr/project/model/Park;" line="208"><counter type="INSTRUCTION" missed="0" covered="6"/><counter type="LINE" missed="0" covered="1"/><counter type="COMPLEXITY" missed="0" covered="1"/><counter type="METHOD" missed="0" covered="1"/></method><method name="getParkByRefPark" desc="(Ljava/lang/String;)Llapr/project/model/Park;" line="219"><counter type="INSTRUCTION" missed="0" covered="5"/><counter type="LINE" missed="0" covered="1"/><counter type="COMPLEXITY" missed="0" covered="1"/><counter type="METHOD" missed="0" covered="1"/></method><method name="calculateTimeNeededToChargeTotalyByPark" desc="(I)Ljava/util/LinkedList;" line="230"><counter type="INSTRUCTION" missed="0" covered="5"/><counter type="LINE" missed="0" covered="1"/><counter type="COMPLEXITY" missed="0" covered="1"/><counter type="METHOD" missed="0" covered="1"/></method><method name="calculateTimeNeededToChargeTotalyByScooter" desc="(ILjava/lang/String;)Ljavafx/util/Pair;" line="242"><counter type="INSTRUCTION" missed="0" covered="6"/><counter type="LINE" missed="0" covered="1"/><counter type="COMPLEXITY" missed="0" covered="1"/><counter type="METHOD" missed="0" covered="1"/></method><method name="checkParkFreeScooterSpots" desc="(I)I" line="253"><counter type="INSTRUCTION" missed="0" covered="9"/><counter type="LINE" missed="0" covered="3"/><counter type="COMPLEXITY" missed="0" covered="1"/><counter type="METHOD" missed="0" covered="1"/></method><method name="checkParkFreeBicycleSpots" desc="(I)I" line="267"><counter type="INSTRUCTION" missed="0" covered="9"/><counter type="LINE" missed="0" covered="3"/><counter type="COMPLEXITY" missed="0" covered="1"/><counter type="METHOD" missed="0" covered="1"/></method><method name="addPath" desc="(IIDFF)Z" line="285"><counter type="INSTRUCTION" missed="0" covered="26"/><counter type="LINE" missed="0" covered="5"/><counter type="COMPLEXITY" missed="0" covered="1"/><counter type="METHOD" missed="0" covered="1"/></method><method name="getPointByCoordinates" desc="(DD)Llapr/project/model/PointInterest;" line="302"><counter type="INSTRUCTION" missed="0" covered="6"/><counter type="LINE" missed="0" covered="1"/><counter type="COMPLEXITY" missed="0" covered="1"/><counter type="METHOD" missed="0" covered="1"/></method><method name="getParkByVehicleID" desc="(I)Llapr/project/model/Park;" line="311"><counter type="INSTRUCTION" missed="0" covered="5"/><counter type="LINE" missed="0" covered="1"/><counter type="COMPLEXITY" missed="0" covered="1"/><counter type="METHOD" missed="0" covered="1"/></method><method name="getPathByIdParks" desc="(II)Llapr/project/model/Path;" line="321"><counter type="INSTRUCTION" missed="6" covered="0"/><counter type="LINE" missed="1" covered="0"/><counter type="COMPLEXITY" missed="1" covered="0"/><counter type="METHOD" missed="1" covered="0"/></method><counter type="INSTRUCTION" missed="39" covered="211"/><counter type="BRANCH" missed="2" covered="0"/><counter type="LINE" missed="12" covered="50"/><counter type="COMPLEXITY" missed="3" covered="18"/><counter type="METHOD" missed="2" covered="18"/><counter type="CLASS" missed="0" covered="1"/></class><class name="lapr/project/controller/InvoicePaymentController" sourcefilename="InvoicePaymentController.java"><method name="&lt;init&gt;" desc="(Llapr/project/data/InvoicePaymentDataHandler;)V" line="26"><counter type="INSTRUCTION" missed="0" covered="6"/><counter type="LINE" missed="0" covered="3"/><counter type="COMPLEXITY" missed="0" covered="1"/><counter type="METHOD" missed="0" covered="1"/></method><method name="getAllUnpaidInvoices" desc="(I)Ljava/util/List;" line="31"><counter type="INSTRUCTION" missed="0" covered="9"/><counter type="LINE" missed="0" covered="3"/><counter type="COMPLEXITY" missed="0" covered="1"/><counter type="METHOD" missed="0" covered="1"/></method><method name="generateReceipt" desc="(I)Llapr/project/model/Receipt;" line="37"><counter type="INSTRUCTION" missed="0" covered="9"/><counter type="LINE" missed="0" covered="3"/><counter type="COMPLEXITY" missed="0" covered="1"/><counter type="METHOD" missed="0" covered="1"/></method><counter type="INSTRUCTION" missed="0" covered="24"/><counter type="LINE" missed="0" covered="9"/><counter type="COMPLEXITY" missed="0" covered="3"/><counter type="METHOD" missed="0" covered="3"/><counter type="CLASS" missed="0" covered="1"/></class><sourcefile name="ParkController.java"><line nr="31" mi="0" ci="2" mb="0" cb="0"/><line nr="32" mi="0" ci="3" mb="0" cb="0"/><line nr="33" mi="0" ci="1" mb="0" cb="0"/><line nr="52" mi="0" ci="7" mb="0" cb="0"/><line nr="53" mi="0" ci="10" mb="0" cb="0"/><line nr="54" mi="0" ci="4" mb="0" cb="0"/><line nr="55" mi="0" ci="8" mb="0" cb="0"/><line nr="56" mi="0" ci="8" mb="0" cb="0"/><line nr="57" mi="0" ci="3" mb="0" cb="0"/><line nr="59" mi="0" ci="6" mb="0" cb="0"/><line nr="61" mi="0" ci="2" mb="0" cb="0"/><line nr="70" mi="0" ci="2" mb="0" cb="0"/><line nr="72" mi="0" ci="5" mb="0" cb="0"/><line nr="74" mi="0" ci="2" mb="0" cb="0"/><line nr="86" mi="0" ci="2" mb="0" cb="0"/><line nr="88" mi="0" ci="5" mb="0" cb="0"/><line nr="90" mi="0" ci="2" mb="0" cb="0"/><line nr="103" mi="0" ci="4" mb="0" cb="0"/><line nr="105" mi="0" ci="7" mb="0" cb="0"/><line nr="107" mi="0" ci="2" mb="0" cb="0"/><line nr="116" mi="0" ci="2" mb="0" cb="0"/><line nr="118" mi="0" ci="4" mb="0" cb="0"/><line nr="119" mi="0" ci="2" mb="0" cb="0"/><line nr="132" mi="0" ci="2" mb="0" cb="0"/><line nr="134" mi="0" ci="6" mb="0" cb="0"/><line nr="136" mi="0" ci="2" mb="0" cb="0"/><line nr="149" mi="2" ci="0" mb="0" cb="0"/><line nr="150" mi="7" ci="0" mb="0" cb="0"/><line nr="151" mi="6" ci="0" mb="0" cb="0"/><line nr="153" mi="3" ci="0" mb="2" cb="0"/><line nr="155" mi="4" ci="0" mb="0" cb="0"/><line nr="156" mi="3" ci="0" mb="0" cb="0"/><line nr="157" mi="2" ci="0" mb="0" cb="0"/><line nr="158" mi="1" ci="0" mb="0" cb="0"/><line nr="159" mi="2" ci="0" mb="0" cb="0"/><line nr="160" mi="1" ci="0" mb="0" cb="0"/><line nr="162" mi="2" ci="0" mb="0" cb="0"/><line nr="176" mi="0" ci="7" mb="0" cb="0"/><line nr="177" mi="0" ci="6" mb="0" cb="0"/><line nr="179" mi="0" ci="6" mb="0" cb="0"/><line nr="181" mi="0" ci="2" mb="0" cb="0"/><line nr="193" mi="0" ci="2" mb="0" cb="0"/><line nr="195" mi="0" ci="6" mb="0" cb="0"/><line nr="197" mi="0" ci="2" mb="0" cb="0"/><line nr="208" mi="0" ci="6" mb="0" cb="0"/><line nr="219" mi="0" ci="5" mb="0" cb="0"/><line nr="230" mi="0" ci="5" mb="0" cb="0"/><line nr="242" mi="0" ci="6" mb="0" cb="0"/><line nr="253" mi="0" ci="2" mb="0" cb="0"/><line nr="255" mi="0" ci="5" mb="0" cb="0"/><line nr="257" mi="0" ci="2" mb="0" cb="0"/><line nr="267" mi="0" ci="2" mb="0" cb="0"/><line nr="269" mi="0" ci="5" mb="0" cb="0"/><line nr="271" mi="0" ci="2" mb="0" cb="0"/><line nr="285" mi="0" ci="2" mb="0" cb="0"/><line nr="287" mi="0" ci="5" mb="0" cb="0"/><line nr="288" mi="0" ci="5" mb="0" cb="0"/><line nr="290" mi="0" ci="12" mb="0" cb="0"/><line nr="292" mi="0" ci="2" mb="0" cb="0"/><line nr="302" mi="0" ci="6" mb="0" cb="0"/><line nr="311" mi="0" ci="5" mb="0" cb="0"/><line nr="321" mi="6" ci="0" mb="0" cb="0"/><counter type="INSTRUCTION" missed="39" covered="211"/><counter type="BRANCH" missed="2" covered="0"/><counter type="LINE" missed="12" covered="50"/><counter type="COMPLEXITY" missed="3" covered="18"/><counter type="METHOD" missed="2" covered="18"/><counter type="CLASS" missed="0" covered="1"/></sourcefile><sourcefile name="RentalController.java"><line nr="28" mi="0" ci="2" mb="0" cb="0"/><line nr="29" mi="0" ci="3" mb="0" cb="0"/><line nr="30" mi="0" ci="1" mb="0" cb="0"/><line nr="41" mi="0" ci="7" mb="0" cb="0"/><line nr="43" mi="0" ci="2" mb="0" cb="0"/><line nr="57" mi="0" ci="8" mb="0" cb="0"/><line nr="59" mi="0" ci="2" mb="0" cb="0"/><line nr="73" mi="0" ci="7" mb="0" cb="0"/><line nr="75" mi="0" ci="2" mb="0" cb="0"/><line nr="92" mi="0" ci="12" mb="0" cb="0"/><line nr="94" mi="0" ci="2" mb="0" cb="0"/><line nr="105" mi="0" ci="4" mb="0" cb="0"/><line nr="107" mi="0" ci="7" mb="0" cb="0"/><line nr="108" mi="1" ci="0" mb="0" cb="0"/><line nr="109" mi="2" ci="0" mb="0" cb="0"/><line nr="110" mi="0" ci="1" mb="0" cb="0"/><line nr="111" mi="0" ci="2" mb="0" cb="0"/><line nr="120" mi="0" ci="4" mb="0" cb="0"/><line nr="122" mi="0" ci="5" mb="0" cb="0"/><line nr="124" mi="0" ci="2" mb="0" cb="0"/><line nr="128" mi="0" ci="7" mb="0" cb="0"/><line nr="130" mi="0" ci="9" mb="0" cb="0"/><line nr="132" mi="0" ci="2" mb="0" cb="0"/><line nr="136" mi="0" ci="4" mb="0" cb="0"/><line nr="140" mi="0" ci="2" mb="0" cb="0"/><line nr="142" mi="0" ci="5" mb="0" cb="0"/><line nr="143" mi="0" ci="2" mb="0" cb="0"/><counter type="INSTRUCTION" missed="3" covered="104"/><counter type="LINE" missed="2" covered="25"/><counter type="COMPLEXITY" missed="0" covered="10"/><counter type="METHOD" missed="0" covered="10"/><counter type="CLASS" missed="0" covered="1"/></sourcefile><sourcefile name="InvoiceController.java"><line nr="26" mi="0" ci="2" mb="0" cb="0"/><line nr="27" mi="0" ci="3" mb="0" cb="0"/><line nr="28" mi="0" ci="1" mb="0" cb="0"/><line nr="31" mi="0" ci="5" mb="0" cb="0"/><line nr="33" mi="0" ci="7" mb="0" cb="0"/><line nr="35" mi="0" ci="2" mb="0" cb="0"/><line nr="39" mi="0" ci="2" mb="0" cb="0"/><line nr="40" mi="0" ci="5" mb="0" cb="0"/><line nr="41" mi="0" ci="2" mb="0" cb="0"/><line nr="45" mi="0" ci="5" mb="0" cb="0"/><counter type="INSTRUCTION" missed="0" covered="34"/><counter type="LINE" missed="0" covered="10"/><counter type="COMPLEXITY" missed="0" covered="4"/><counter type="METHOD" missed="0" covered="4"/><counter type="CLASS" missed="0" covered="1"/></sourcefile><sourcefile name="VehicleController.java"><line nr="27" mi="0" ci="2" mb="0" cb="0"/><line nr="28" mi="0" ci="3" mb="0" cb="0"/><line nr="29" mi="0" ci="1" mb="0" cb="0"/><line nr="32" mi="0" ci="13" mb="0" cb="0"/><line nr="34" mi="0" ci="7" mb="0" cb="0"/><line nr="36" mi="0" ci="2" mb="0" cb="0"/><line nr="40" mi="0" ci="10" mb="0" cb="0"/><line nr="42" mi="0" ci="7" mb="0" cb="0"/><line nr="44" mi="0" ci="2" mb="0" cb="0"/><line nr="48" mi="0" ci="4" mb="0" cb="0"/><line nr="50" mi="0" ci="4" mb="0" cb="0"/><line nr="52" mi="0" ci="2" mb="0" cb="0"/><line nr="56" mi="0" ci="4" mb="0" cb="0"/><line nr="58" mi="0" ci="5" mb="0" cb="0"/><line nr="60" mi="0" ci="2" mb="0" cb="0"/><line nr="64" mi="0" ci="4" mb="0" cb="0"/><line nr="66" mi="0" ci="5" mb="0" cb="0"/><line nr="68" mi="0" ci="2" mb="0" cb="0"/><line nr="72" mi="0" ci="4" mb="0" cb="0"/><line nr="74" mi="0" ci="7" mb="0" cb="0"/><line nr="76" mi="0" ci="2" mb="0" cb="0"/><line nr="80" mi="0" ci="2" mb="0" cb="0"/><line nr="82" mi="0" ci="5" mb="0" cb="0"/><line nr="84" mi="0" ci="2" mb="0" cb="0"/><line nr="88" mi="0" ci="4" mb="0" cb="0"/><line nr="90" mi="0" ci="4" mb="0" cb="0"/><line nr="92" mi="0" ci="2" mb="0" cb="0"/><line nr="96" mi="0" ci="5" mb="0" cb="0"/><line nr="100" mi="0" ci="5" mb="0" cb="0"/><line nr="104" mi="0" ci="5" mb="0" cb="0"/><line nr="108" mi="5" ci="0" mb="0" cb="0"/><counter type="INSTRUCTION" missed="5" covered="126"/><counter type="LINE" missed="1" covered="30"/><counter type="COMPLEXITY" missed="1" covered="12"/><counter type="METHOD" missed="1" covered="12"/><counter type="CLASS" missed="0" covered="1"/></sourcefile><sourcefile name="InvoicePaymentController.java"><line nr="26" mi="0" ci="2" mb="0" cb="0"/><line nr="27" mi="0" ci="3" mb="0" cb="0"/><line nr="28" mi="0" ci="1" mb="0" cb="0"/><line nr="31" mi="0" ci="2" mb="0" cb="0"/><line nr="32" mi="0" ci="5" mb="0" cb="0"/><line nr="33" mi="0" ci="2" mb="0" cb="0"/><line nr="37" mi="0" ci="2" mb="0" cb="0"/><line nr="38" mi="0" ci="5" mb="0" cb="0"/><line nr="39" mi="0" ci="2" mb="0" cb="0"/><counter type="INSTRUCTION" missed="0" covered="24"/><counter type="LINE" missed="0" covered="9"/><counter type="COMPLEXITY" missed="0" covered="3"/><counter type="METHOD" missed="0" covered="3"/><counter type="CLASS" missed="0" covered="1"/></sourcefile><sourcefile name="UserController.java"><line nr="30" mi="0" ci="2" mb="0" cb="0"/><line nr="31" mi="0" ci="3" mb="0" cb="0"/><line nr="32" mi="0" ci="1" mb="0" cb="0"/><line nr="36" mi="0" ci="12" mb="0" cb="0"/><line nr="37" mi="0" ci="6" mb="0" cb="0"/><line nr="38" mi="0" ci="2" mb="0" cb="0"/><line nr="42" mi="0" ci="2" mb="0" cb="0"/><line nr="44" mi="0" ci="5" mb="0" cb="0"/><line nr="46" mi="0" ci="2" mb="0" cb="0"/><line nr="56" mi="0" ci="2" mb="0" cb="0"/><line nr="58" mi="0" ci="5" mb="0" cb="0"/><line nr="60" mi="0" ci="2" mb="0" cb="0"/><line nr="64" mi="0" ci="2" mb="0" cb="0"/><line nr="66" mi="0" ci="6" mb="0" cb="0"/><line nr="67" mi="0" ci="5" mb="0" cb="0"/><line nr="69" mi="0" ci="2" mb="0" cb="0"/><line nr="74" mi="0" ci="2" mb="0" cb="0"/><line nr="76" mi="0" ci="7" mb="0" cb="0"/><line nr="78" mi="0" ci="2" mb="0" cb="0"/><line nr="84" mi="0" ci="5" mb="0" cb="0"/><line nr="90" mi="0" ci="5" mb="0" cb="0"/><counter type="INSTRUCTION" missed="0" covered="80"/><counter type="LINE" missed="0" covered="21"/><counter type="COMPLEXITY" missed="0" covered="8"/><counter type="METHOD" missed="0" covered="8"/><counter type="CLASS" missed="0" covered="1"/></sourcefile><counter type="INSTRUCTION" missed="47" covered="579"/><counter type="BRANCH" missed="2" covered="0"/><counter type="LINE" missed="15" covered="145"/><counter type="COMPLEXITY" missed="4" covered="55"/><counter type="METHOD" missed="3" covered="55"/><counter type="CLASS" missed="0" covered="6"/></package><counter type="INSTRUCTION" missed="14729" covered="4360"/><counter type="BRANCH" missed="920" covered="327"/><counter type="LINE" missed="3258" covered="1078"/><counter type="COMPLEXITY" missed="707" covered="461"/><counter type="METHOD" missed="212" covered="322"/><counter type="CLASS" missed="12" covered="32"/></report>